<?xml version="1.0" ?>
<!DOCTYPE coverage SYSTEM "http://cobertura.sourceforge.net/xml/coverage-04.dtd">
<coverage lines-valid="700"  lines-covered="191"  line-rate="0.2729"  branches-valid="675"  branches-covered="152"  branch-rate="0.22519999999999998"  timestamp="1409573995033" complexity="0" version="0.1">
<sources>
	<source>/afs/stud.mathematik.uni-stuttgart.de/home/2008/jaenisae/src/BuildingBridges.git</source>
</sources>
<packages>
	<package name="js"  line-rate="0.2729"  branch-rate="0.22519999999999998" >
	<classes>
		<class name="bridge-elements.js"  filename="js/bridge-elements.js"  line-rate="0.29469999999999996"  branch-rate="0" >
		<methods>
			<method name="(anonymous_1)"  hits="1"  signature="()V" >
				<lines><line number="34"  hits="1" /></lines>
			</method>
			<method name="(anonymous_2)"  hits="0"  signature="()V" >
				<lines><line number="53"  hits="0" /></lines>
			</method>
			<method name="(anonymous_3)"  hits="0"  signature="()V" >
				<lines><line number="118"  hits="0" /></lines>
			</method>
			<method name="(anonymous_4)"  hits="0"  signature="()V" >
				<lines><line number="159"  hits="0" /></lines>
			</method>
			<method name="(anonymous_5)"  hits="1"  signature="()V" >
				<lines><line number="170"  hits="1" /></lines>
			</method>
			<method name="(anonymous_6)"  hits="0"  signature="()V" >
				<lines><line number="209"  hits="0" /></lines>
			</method>
			<method name="(anonymous_7)"  hits="0"  signature="()V" >
				<lines><line number="219"  hits="0" /></lines>
			</method>
			<method name="(anonymous_8)"  hits="0"  signature="()V" >
				<lines><line number="229"  hits="0" /></lines>
			</method>
			<method name="(anonymous_9)"  hits="0"  signature="()V" >
				<lines><line number="240"  hits="0" /></lines>
			</method>
			<method name="(anonymous_10)"  hits="0"  signature="()V" >
				<lines><line number="251"  hits="0" /></lines>
			</method>
			<method name="(anonymous_11)"  hits="0"  signature="()V" >
				<lines><line number="262"  hits="0" /></lines>
			</method>
			<method name="(anonymous_12)"  hits="0"  signature="()V" >
				<lines><line number="273"  hits="0" /></lines>
			</method>
			<method name="(anonymous_13)"  hits="0"  signature="()V" >
				<lines><line number="318"  hits="0" /></lines>
			</method>
			<method name="(anonymous_14)"  hits="0"  signature="()V" >
				<lines><line number="337"  hits="0" /></lines>
			</method>
			<method name="(anonymous_15)"  hits="0"  signature="()V" >
				<lines><line number="347"  hits="0" /></lines>
			</method>
			<method name="(anonymous_16)"  hits="0"  signature="()V" >
				<lines><line number="359"  hits="0" /></lines>
			</method>
			<method name="(anonymous_17)"  hits="0"  signature="()V" >
				<lines><line number="368"  hits="0" /></lines>
			</method>
		</methods>
		<lines>
			<line number="34"  hits="1"  branch="false" />
			<line number="35"  hits="1"  branch="false" />
			<line number="36"  hits="1"  branch="false" />
			<line number="37"  hits="1"  branch="false" />
			<line number="38"  hits="1"  branch="false" />
			<line number="53"  hits="1"  branch="false" />
			<line number="59"  hits="0"  branch="false" />
			<line number="60"  hits="0"  branch="true"  condition-coverage="0% (0/2)" />
			<line number="61"  hits="0"  branch="true"  condition-coverage="0% (0/2)" />
			<line number="62"  hits="0"  branch="true"  condition-coverage="0% (0/8)" />
			<line number="63"  hits="0"  branch="true"  condition-coverage="0% (0/2)" />
			<line number="64"  hits="0"  branch="true"  condition-coverage="0% (0/3)" />
			<line number="66"  hits="0"  branch="false" />
			<line number="67"  hits="0"  branch="false" />
			<line number="68"  hits="0"  branch="false" />
			<line number="69"  hits="0"  branch="false" />
			<line number="70"  hits="0"  branch="false" />
			<line number="71"  hits="0"  branch="true"  condition-coverage="0% (0/2)" />
			<line number="72"  hits="0"  branch="true"  condition-coverage="0% (0/4)" />
			<line number="73"  hits="0"  branch="false" />
			<line number="75"  hits="0"  branch="false" />
			<line number="78"  hits="0"  branch="true"  condition-coverage="0% (0/4)" />
			<line number="79"  hits="0"  branch="false" />
			<line number="81"  hits="0"  branch="false" />
			<line number="84"  hits="0"  branch="true"  condition-coverage="0% (0/2)" />
			<line number="85"  hits="0"  branch="false" />
			<line number="87"  hits="0"  branch="false" />
			<line number="88"  hits="0"  branch="false" />
			<line number="90"  hits="0"  branch="false" />
			<line number="91"  hits="0"  branch="false" />
			<line number="92"  hits="0"  branch="false" />
			<line number="94"  hits="0"  branch="false" />
			<line number="95"  hits="0"  branch="false" />
			<line number="98"  hits="0"  branch="true"  condition-coverage="0% (0/2)" />
			<line number="99"  hits="0"  branch="true"  condition-coverage="0% (0/2)" />
			<line number="100"  hits="0"  branch="false" />
			<line number="101"  hits="0"  branch="false" />
			<line number="103"  hits="0"  branch="false" />
			<line number="104"  hits="0"  branch="false" />
			<line number="106"  hits="0"  branch="false" />
			<line number="118"  hits="1"  branch="false" />
			<line number="119"  hits="0"  branch="true"  condition-coverage="0% (0/4)" />
			<line number="121"  hits="0"  branch="false" />
			<line number="122"  hits="0"  branch="true"  condition-coverage="0% (0/4)" />
			<line number="123"  hits="0"  branch="false" />
			<line number="124"  hits="0"  branch="false" />
			<line number="127"  hits="0"  branch="false" />
			<line number="129"  hits="0"  branch="false" />
			<line number="130"  hits="0"  branch="true"  condition-coverage="0% (0/4)" />
			<line number="131"  hits="0"  branch="false" />
			<line number="132"  hits="0"  branch="false" />
			<line number="135"  hits="0"  branch="false" />
			<line number="137"  hits="0"  branch="false" />
			<line number="138"  hits="0"  branch="true"  condition-coverage="0% (0/4)" />
			<line number="139"  hits="0"  branch="false" />
			<line number="140"  hits="0"  branch="false" />
			<line number="143"  hits="0"  branch="false" />
			<line number="145"  hits="0"  branch="false" />
			<line number="159"  hits="1"  branch="false" />
			<line number="160"  hits="0"  branch="true"  condition-coverage="0% (0/2)" />
			<line number="170"  hits="1"  branch="false" />
			<line number="176"  hits="1"  branch="false" />
			<line number="183"  hits="1"  branch="false" />
			<line number="190"  hits="1"  branch="false" />
			<line number="197"  hits="1"  branch="false" />
			<line number="198"  hits="1"  branch="false" />
			<line number="209"  hits="1"  branch="false" />
			<line number="219"  hits="1"  branch="false" />
			<line number="229"  hits="1"  branch="false" />
			<line number="240"  hits="1"  branch="false" />
			<line number="251"  hits="1"  branch="false" />
			<line number="262"  hits="1"  branch="false" />
			<line number="273"  hits="1"  branch="false" />
			<line number="279"  hits="0"  branch="false" />
			<line number="285"  hits="0"  branch="false" />
			<line number="291"  hits="0"  branch="false" />
			<line number="299"  hits="0"  branch="false" />
			<line number="306"  hits="0"  branch="false" />
			<line number="307"  hits="0"  branch="false" />
			<line number="318"  hits="1"  branch="false" />
			<line number="319"  hits="0"  branch="true"  condition-coverage="0% (0/2)" />
			<line number="320"  hits="0"  branch="true"  condition-coverage="0% (0/2)" />
			<line number="321"  hits="0"  branch="true"  condition-coverage="0% (0/2)" />
			<line number="322"  hits="0"  branch="false" />
			<line number="324"  hits="0"  branch="false" />
			<line number="337"  hits="1"  branch="false" />
			<line number="347"  hits="1"  branch="false" />
			<line number="359"  hits="1"  branch="false" />
			<line number="368"  hits="1"  branch="false" />
			<line number="374"  hits="0"  branch="false" />
			<line number="381"  hits="0"  branch="false" />
			<line number="388"  hits="0"  branch="false" />
			<line number="389"  hits="0"  branch="false" />
			<line number="391"  hits="1"  branch="false" />
			<line number="396"  hits="1"  branch="false" />
		</lines>
		</class>
		<class name="bridges.js"  filename="js/bridges.js"  line-rate="0.09849999999999999"  branch-rate="0.015600000000000001" >
		<methods>
			<method name="init"  hits="1"  signature="()V" >
				<lines><line number="21"  hits="1" /></lines>
			</method>
			<method name="(anonymous_2)"  hits="0"  signature="()V" >
				<lines><line number="35"  hits="0" /></lines>
			</method>
			<method name="(anonymous_3)"  hits="0"  signature="()V" >
				<lines><line number="40"  hits="0" /></lines>
			</method>
			<method name="(anonymous_4)"  hits="0"  signature="()V" >
				<lines><line number="49"  hits="0" /></lines>
			</method>
			<method name="(anonymous_5)"  hits="0"  signature="()V" >
				<lines><line number="75"  hits="0" /></lines>
			</method>
			<method name="(anonymous_6)"  hits="0"  signature="()V" >
				<lines><line number="86"  hits="0" /></lines>
			</method>
			<method name="updateCanvas"  hits="0"  signature="()V" >
				<lines><line number="99"  hits="0" /></lines>
			</method>
			<method name="updateInputField"  hits="0"  signature="()V" >
				<lines><line number="151"  hits="0" /></lines>
			</method>
			<method name="clearList"  hits="0"  signature="()V" >
				<lines><line number="201"  hits="0" /></lines>
			</method>
			<method name="printCoordinates"  hits="0"  signature="()V" >
				<lines><line number="206"  hits="0" /></lines>
			</method>
			<method name="getPosition"  hits="0"  signature="()V" >
				<lines><line number="241"  hits="0" /></lines>
			</method>
			<method name="getDistance"  hits="0"  signature="()V" >
				<lines><line number="261"  hits="0" /></lines>
			</method>
			<method name="showCircle"  hits="0"  signature="()V" >
				<lines><line number="267"  hits="0" /></lines>
			</method>
			<method name="drawCircle"  hits="0"  signature="()V" >
				<lines><line number="279"  hits="0" /></lines>
			</method>
			<method name="annotate"  hits="0"  signature="()V" >
				<lines><line number="292"  hits="0" /></lines>
			</method>
			<method name="drawLine"  hits="0"  signature="()V" >
				<lines><line number="299"  hits="0" /></lines>
			</method>
			<method name="(anonymous_17)"  hits="0"  signature="()V" >
				<lines><line number="304"  hits="0" /></lines>
			</method>
			<method name="drawRect"  hits="0"  signature="()V" >
				<lines><line number="319"  hits="0" /></lines>
			</method>
			<method name="clearCanvas"  hits="0"  signature="()V" >
				<lines><line number="329"  hits="0" /></lines>
			</method>
			<method name="buildDistanceMatrix"  hits="0"  signature="()V" >
				<lines><line number="336"  hits="0" /></lines>
			</method>
			<method name="computeDistanceRow"  hits="0"  signature="()V" >
				<lines><line number="348"  hits="0" /></lines>
			</method>
			<method name="waitForTextReadComplete"  hits="0"  signature="()V" >
				<lines><line number="362"  hits="0" /></lines>
			</method>
			<method name="(anonymous_23)"  hits="0"  signature="()V" >
				<lines><line number="363"  hits="0" /></lines>
			</method>
			<method name="consumeXml"  hits="0"  signature="()V" >
				<lines><line number="377"  hits="0" /></lines>
			</method>
			<method name="produceXml"  hits="0"  signature="()V" >
				<lines><line number="409"  hits="0" /></lines>
			</method>
			<method name="createXmlTag"  hits="0"  signature="()V" >
				<lines><line number="453"  hits="0" /></lines>
			</method>
			<method name="createClosedXmlTag"  hits="0"  signature="()V" >
				<lines><line number="471"  hits="0" /></lines>
			</method>
		</methods>
		<lines>
			<line number="15"  hits="1"  branch="false" />
			<line number="16"  hits="1"  branch="false" />
			<line number="21"  hits="1"  branch="false" />
			<line number="22"  hits="1"  branch="false" />
			<line number="23"  hits="1"  branch="false" />
			<line number="24"  hits="1"  branch="false" />
			<line number="25"  hits="1"  branch="false" />
			<line number="26"  hits="1"  branch="false" />
			<line number="27"  hits="1"  branch="false" />
			<line number="28"  hits="1"  branch="false" />
			<line number="29"  hits="1"  branch="false" />
			<line number="31"  hits="1"  branch="true"  condition-coverage="50% (1/2)" />
			<line number="32"  hits="0"  branch="false" />
			<line number="33"  hits="0"  branch="false" />
			<line number="35"  hits="1"  branch="false" />
			<line number="36"  hits="0"  branch="false" />
			<line number="37"  hits="0"  branch="false" />
			<line number="38"  hits="0"  branch="false" />
			<line number="40"  hits="0"  branch="false" />
			<line number="41"  hits="0"  branch="false" />
			<line number="42"  hits="0"  branch="false" />
			<line number="43"  hits="0"  branch="false" />
			<line number="44"  hits="0"  branch="false" />
			<line number="48"  hits="0"  branch="false" />
			<line number="49"  hits="0"  branch="false" />
			<line number="50"  hits="0"  branch="false" />
			<line number="51"  hits="0"  branch="false" />
			<line number="52"  hits="0"  branch="false" />
			<line number="53"  hits="0"  branch="false" />
			<line number="54"  hits="0"  branch="true"  condition-coverage="0% (0/2)" />
			<line number="55"  hits="0"  branch="false" />
			<line number="56"  hits="0"  branch="true"  condition-coverage="0% (0/4)" />
			<line number="57"  hits="0"  branch="false" />
			<line number="58"  hits="0"  branch="false" />
			<line number="59"  hits="0"  branch="false" />
			<line number="60"  hits="0"  branch="false" />
			<line number="63"  hits="0"  branch="false" />
			<line number="64"  hits="0"  branch="true"  condition-coverage="0% (0/2)" />
			<line number="65"  hits="0"  branch="false" />
			<line number="66"  hits="0"  branch="false" />
			<line number="67"  hits="0"  branch="false" />
			<line number="68"  hits="0"  branch="false" />
			<line number="69"  hits="0"  branch="false" />
			<line number="72"  hits="0"  branch="false" />
			<line number="73"  hits="0"  branch="false" />
			<line number="75"  hits="0"  branch="false" />
			<line number="77"  hits="0"  branch="true"  condition-coverage="0% (0/2)" />
			<line number="79"  hits="0"  branch="false" />
			<line number="80"  hits="0"  branch="false" />
			<line number="82"  hits="0"  branch="false" />
			<line number="83"  hits="0"  branch="false" />
			<line number="86"  hits="0"  branch="false" />
			<line number="88"  hits="0"  branch="true"  condition-coverage="0% (0/2)" />
			<line number="90"  hits="0"  branch="false" />
			<line number="91"  hits="0"  branch="false" />
			<line number="93"  hits="0"  branch="false" />
			<line number="94"  hits="0"  branch="false" />
			<line number="99"  hits="1"  branch="false" />
			<line number="101"  hits="0"  branch="false" />
			<line number="102"  hits="0"  branch="false" />
			<line number="103"  hits="0"  branch="false" />
			<line number="104"  hits="0"  branch="false" />
			<line number="105"  hits="0"  branch="false" />
			<line number="106"  hits="0"  branch="true"  condition-coverage="0% (0/4)" />
			<line number="107"  hits="0"  branch="false" />
			<line number="108"  hits="0"  branch="false" />
			<line number="109"  hits="0"  branch="false" />
			<line number="111"  hits="0"  branch="true"  condition-coverage="0% (0/2)" />
			<line number="112"  hits="0"  branch="false" />
			<line number="113"  hits="0"  branch="false" />
			<line number="114"  hits="0"  branch="false" />
			<line number="115"  hits="0"  branch="false" />
			<line number="116"  hits="0"  branch="false" />
			<line number="117"  hits="0"  branch="false" />
			<line number="118"  hits="0"  branch="false" />
			<line number="119"  hits="0"  branch="true"  condition-coverage="0% (0/2)" />
			<line number="120"  hits="0"  branch="false" />
			<line number="122"  hits="0"  branch="false" />
			<line number="131"  hits="0"  branch="true"  condition-coverage="0% (0/2)" />
			<line number="132"  hits="0"  branch="false" />
			<line number="135"  hits="0"  branch="true"  condition-coverage="0% (0/2)" />
			<line number="136"  hits="0"  branch="false" />
			<line number="137"  hits="0"  branch="false" />
			<line number="138"  hits="0"  branch="false" />
			<line number="141"  hits="0"  branch="true"  condition-coverage="0% (0/2)" />
			<line number="142"  hits="0"  branch="false" />
			<line number="143"  hits="0"  branch="false" />
			<line number="144"  hits="0"  branch="true"  condition-coverage="0% (0/2)" />
			<line number="145"  hits="0"  branch="true"  condition-coverage="0% (0/2)" />
			<line number="146"  hits="0"  branch="false" />
			<line number="151"  hits="1"  branch="false" />
			<line number="152"  hits="0"  branch="false" />
			<line number="153"  hits="0"  branch="false" />
			<line number="154"  hits="0"  branch="false" />
			<line number="155"  hits="0"  branch="false" />
			<line number="156"  hits="0"  branch="false" />
			<line number="157"  hits="0"  branch="false" />
			<line number="158"  hits="0"  branch="true"  condition-coverage="0% (0/2)" />
			<line number="159"  hits="0"  branch="false" />
			<line number="160"  hits="0"  branch="false" />
			<line number="161"  hits="0"  branch="false" />
			<line number="162"  hits="0"  branch="false" />
			<line number="163"  hits="0"  branch="false" />
			<line number="164"  hits="0"  branch="false" />
			<line number="165"  hits="0"  branch="false" />
			<line number="166"  hits="0"  branch="false" />
			<line number="167"  hits="0"  branch="false" />
			<line number="168"  hits="0"  branch="false" />
			<line number="169"  hits="0"  branch="false" />
			<line number="170"  hits="0"  branch="false" />
			<line number="171"  hits="0"  branch="false" />
			<line number="172"  hits="0"  branch="false" />
			<line number="173"  hits="0"  branch="false" />
			<line number="174"  hits="0"  branch="false" />
			<line number="175"  hits="0"  branch="false" />
			<line number="176"  hits="0"  branch="false" />
			<line number="177"  hits="0"  branch="false" />
			<line number="178"  hits="0"  branch="false" />
			<line number="179"  hits="0"  branch="false" />
			<line number="180"  hits="0"  branch="false" />
			<line number="181"  hits="0"  branch="false" />
			<line number="182"  hits="0"  branch="false" />
			<line number="183"  hits="0"  branch="false" />
			<line number="184"  hits="0"  branch="false" />
			<line number="185"  hits="0"  branch="false" />
			<line number="186"  hits="0"  branch="false" />
			<line number="187"  hits="0"  branch="false" />
			<line number="188"  hits="0"  branch="false" />
			<line number="189"  hits="0"  branch="false" />
			<line number="190"  hits="0"  branch="false" />
			<line number="191"  hits="0"  branch="false" />
			<line number="193"  hits="0"  branch="false" />
			<line number="201"  hits="1"  branch="false" />
			<line number="203"  hits="0"  branch="false" />
			<line number="206"  hits="1"  branch="false" />
			<line number="207"  hits="0"  branch="false" />
			<line number="208"  hits="0"  branch="false" />
			<line number="209"  hits="0"  branch="false" />
			<line number="210"  hits="0"  branch="false" />
			<line number="211"  hits="0"  branch="false" />
			<line number="212"  hits="0"  branch="false" />
			<line number="213"  hits="0"  branch="false" />
			<line number="214"  hits="0"  branch="false" />
			<line number="215"  hits="0"  branch="false" />
			<line number="216"  hits="0"  branch="false" />
			<line number="217"  hits="0"  branch="false" />
			<line number="218"  hits="0"  branch="false" />
			<line number="219"  hits="0"  branch="false" />
			<line number="221"  hits="0"  branch="false" />
			<line number="222"  hits="0"  branch="false" />
			<line number="223"  hits="0"  branch="false" />
			<line number="224"  hits="0"  branch="false" />
			<line number="225"  hits="0"  branch="false" />
			<line number="226"  hits="0"  branch="false" />
			<line number="227"  hits="0"  branch="false" />
			<line number="228"  hits="0"  branch="false" />
			<line number="229"  hits="0"  branch="true"  condition-coverage="0% (0/2)" />
			<line number="230"  hits="0"  branch="true"  condition-coverage="0% (0/2)" />
			<line number="232"  hits="0"  branch="false" />
			<line number="233"  hits="0"  branch="false" />
			<line number="234"  hits="0"  branch="false" />
			<line number="235"  hits="0"  branch="false" />
			<line number="236"  hits="0"  branch="false" />
			<line number="237"  hits="0"  branch="false" />
			<line number="241"  hits="1"  branch="false" />
			<line number="242"  hits="0"  branch="false" />
			<line number="243"  hits="0"  branch="false" />
			<line number="244"  hits="0"  branch="false" />
			<line number="246"  hits="0"  branch="true"  condition-coverage="0% (0/4)" />
			<line number="247"  hits="0"  branch="false" />
			<line number="248"  hits="0"  branch="false" />
			<line number="250"  hits="0"  branch="false" />
			<line number="251"  hits="0"  branch="false" />
			<line number="253"  hits="0"  branch="false" />
			<line number="254"  hits="0"  branch="false" />
			<line number="255"  hits="0"  branch="false" />
			<line number="261"  hits="1"  branch="false" />
			<line number="262"  hits="0"  branch="false" />
			<line number="263"  hits="0"  branch="false" />
			<line number="264"  hits="0"  branch="false" />
			<line number="267"  hits="1"  branch="false" />
			<line number="268"  hits="0"  branch="false" />
			<line number="269"  hits="0"  branch="false" />
			<line number="270"  hits="0"  branch="false" />
			<line number="271"  hits="0"  branch="false" />
			<line number="272"  hits="0"  branch="false" />
			<line number="273"  hits="0"  branch="false" />
			<line number="274"  hits="0"  branch="false" />
			<line number="276"  hits="0"  branch="false" />
			<line number="279"  hits="1"  branch="false" />
			<line number="280"  hits="0"  branch="false" />
			<line number="281"  hits="0"  branch="false" />
			<line number="282"  hits="0"  branch="false" />
			<line number="283"  hits="0"  branch="false" />
			<line number="284"  hits="0"  branch="false" />
			<line number="285"  hits="0"  branch="true"  condition-coverage="0% (0/2)" />
			<line number="286"  hits="0"  branch="false" />
			<line number="287"  hits="0"  branch="false" />
			<line number="289"  hits="0"  branch="false" />
			<line number="292"  hits="1"  branch="false" />
			<line number="293"  hits="0"  branch="false" />
			<line number="294"  hits="0"  branch="false" />
			<line number="295"  hits="0"  branch="false" />
			<line number="296"  hits="0"  branch="false" />
			<line number="299"  hits="1"  branch="false" />
			<line number="300"  hits="0"  branch="false" />
			<line number="301"  hits="0"  branch="false" />
			<line number="302"  hits="0"  branch="false" />
			<line number="303"  hits="0"  branch="true"  condition-coverage="0% (0/2)" />
			<line number="304"  hits="0"  branch="false" />
			<line number="306"  hits="0"  branch="false" />
			<line number="307"  hits="0"  branch="true"  condition-coverage="0% (0/2)" />
			<line number="308"  hits="0"  branch="false" />
			<line number="310"  hits="0"  branch="true"  condition-coverage="0% (0/2)" />
			<line number="311"  hits="0"  branch="false" />
			<line number="312"  hits="0"  branch="false" />
			<line number="313"  hits="0"  branch="false" />
			<line number="314"  hits="0"  branch="true"  condition-coverage="0% (0/2)" />
			<line number="315"  hits="0"  branch="false" />
			<line number="319"  hits="1"  branch="false" />
			<line number="320"  hits="0"  branch="false" />
			<line number="321"  hits="0"  branch="false" />
			<line number="322"  hits="0"  branch="false" />
			<line number="323"  hits="0"  branch="false" />
			<line number="324"  hits="0"  branch="false" />
			<line number="325"  hits="0"  branch="false" />
			<line number="326"  hits="0"  branch="false" />
			<line number="329"  hits="1"  branch="false" />
			<line number="330"  hits="0"  branch="false" />
			<line number="331"  hits="0"  branch="false" />
			<line number="332"  hits="0"  branch="false" />
			<line number="336"  hits="1"  branch="false" />
			<line number="337"  hits="0"  branch="false" />
			<line number="340"  hits="0"  branch="false" />
			<line number="341"  hits="0"  branch="false" />
			<line number="342"  hits="0"  branch="false" />
			<line number="343"  hits="0"  branch="false" />
			<line number="344"  hits="0"  branch="false" />
			<line number="348"  hits="1"  branch="false" />
			<line number="349"  hits="0"  branch="false" />
			<line number="350"  hits="0"  branch="false" />
			<line number="351"  hits="0"  branch="false" />
			<line number="352"  hits="0"  branch="false" />
			<line number="354"  hits="0"  branch="false" />
			<line number="355"  hits="0"  branch="false" />
			<line number="362"  hits="1"  branch="false" />
			<line number="363"  hits="0"  branch="false" />
			<line number="364"  hits="0"  branch="false" />
			<line number="365"  hits="0"  branch="false" />
			<line number="366"  hits="0"  branch="false" />
			<line number="367"  hits="0"  branch="false" />
			<line number="369"  hits="0"  branch="false" />
			<line number="371"  hits="0"  branch="false" />
			<line number="372"  hits="0"  branch="false" />
			<line number="373"  hits="0"  branch="false" />
			<line number="377"  hits="1"  branch="false" />
			<line number="378"  hits="0"  branch="false" />
			<line number="379"  hits="0"  branch="false" />
			<line number="380"  hits="0"  branch="false" />
			<line number="381"  hits="0"  branch="false" />
			<line number="382"  hits="0"  branch="false" />
			<line number="383"  hits="0"  branch="false" />
			<line number="384"  hits="0"  branch="false" />
			<line number="385"  hits="0"  branch="false" />
			<line number="386"  hits="0"  branch="true"  condition-coverage="0% (0/2)" />
			<line number="387"  hits="0"  branch="false" />
			<line number="388"  hits="0"  branch="false" />
			<line number="389"  hits="0"  branch="false" />
			<line number="390"  hits="0"  branch="false" />
			<line number="391"  hits="0"  branch="true"  condition-coverage="0% (0/2)" />
			<line number="392"  hits="0"  branch="false" />
			<line number="393"  hits="0"  branch="false" />
			<line number="394"  hits="0"  branch="false" />
			<line number="395"  hits="0"  branch="false" />
			<line number="396"  hits="0"  branch="false" />
			<line number="397"  hits="0"  branch="true"  condition-coverage="0% (0/2)" />
			<line number="398"  hits="0"  branch="false" />
			<line number="399"  hits="0"  branch="false" />
			<line number="400"  hits="0"  branch="false" />
			<line number="401"  hits="0"  branch="false" />
			<line number="402"  hits="0"  branch="false" />
			<line number="405"  hits="0"  branch="false" />
			<line number="406"  hits="0"  branch="false" />
			<line number="409"  hits="1"  branch="false" />
			<line number="411"  hits="0"  branch="false" />
			<line number="412"  hits="0"  branch="false" />
			<line number="413"  hits="0"  branch="false" />
			<line number="414"  hits="0"  branch="false" />
			<line number="419"  hits="0"  branch="false" />
			<line number="420"  hits="0"  branch="false" />
			<line number="422"  hits="0"  branch="false" />
			<line number="423"  hits="0"  branch="false" />
			<line number="428"  hits="0"  branch="false" />
			<line number="429"  hits="0"  branch="false" />
			<line number="431"  hits="0"  branch="false" />
			<line number="432"  hits="0"  branch="false" />
			<line number="437"  hits="0"  branch="false" />
			<line number="438"  hits="0"  branch="false" />
			<line number="440"  hits="0"  branch="false" />
			<line number="442"  hits="0"  branch="false" />
			<line number="443"  hits="0"  branch="false" />
			<line number="444"  hits="0"  branch="false" />
			<line number="445"  hits="0"  branch="false" />
			<line number="446"  hits="0"  branch="false" />
			<line number="447"  hits="0"  branch="false" />
			<line number="448"  hits="0"  branch="false" />
			<line number="449"  hits="0"  branch="false" />
			<line number="450"  hits="0"  branch="false" />
			<line number="453"  hits="1"  branch="false" />
			<line number="455"  hits="0"  branch="false" />
			<line number="456"  hits="0"  branch="true"  condition-coverage="0% (0/2)" />
			<line number="457"  hits="0"  branch="false" />
			<line number="458"  hits="0"  branch="false" />
			<line number="461"  hits="0"  branch="false" />
			<line number="463"  hits="0"  branch="true"  condition-coverage="0% (0/2)" />
			<line number="464"  hits="0"  branch="false" />
			<line number="467"  hits="0"  branch="false" />
			<line number="468"  hits="0"  branch="false" />
			<line number="471"  hits="1"  branch="false" />
			<line number="473"  hits="0"  branch="false" />
			<line number="474"  hits="0"  branch="true"  condition-coverage="0% (0/2)" />
			<line number="475"  hits="0"  branch="false" />
			<line number="476"  hits="0"  branch="false" />
			<line number="479"  hits="0"  branch="false" />
			<line number="480"  hits="0"  branch="false" />
		</lines>
		</class>
		<class name="les.js"  filename="js/les.js"  line-rate="0.07690000000000001"  branch-rate="0" >
		<methods>
			<method name="mainLes"  hits="0"  signature="()V" >
				<lines><line number="1"  hits="0" /></lines>
			</method>
			<method name="buildLes"  hits="0"  signature="()V" >
				<lines><line number="23"  hits="0" /></lines>
			</method>
			<method name="insertIntoMatrix"  hits="0"  signature="()V" >
				<lines><line number="58"  hits="0" /></lines>
			</method>
			<method name="solveLes"  hits="0"  signature="()V" >
				<lines><line number="78"  hits="0" /></lines>
			</method>
		</methods>
		<lines>
			<line number="1"  hits="1"  branch="false" />
			<line number="3"  hits="0"  branch="false" />
			<line number="4"  hits="0"  branch="false" />
			<line number="5"  hits="0"  branch="false" />
			<line number="6"  hits="0"  branch="false" />
			<line number="14"  hits="0"  branch="false" />
			<line number="15"  hits="0"  branch="false" />
			<line number="16"  hits="0"  branch="false" />
			<line number="17"  hits="0"  branch="false" />
			<line number="19"  hits="0"  branch="false" />
			<line number="20"  hits="0"  branch="false" />
			<line number="23"  hits="1"  branch="false" />
			<line number="26"  hits="0"  branch="false" />
			<line number="27"  hits="0"  branch="false" />
			<line number="28"  hits="0"  branch="false" />
			<line number="29"  hits="0"  branch="false" />
			<line number="30"  hits="0"  branch="false" />
			<line number="32"  hits="0"  branch="false" />
			<line number="33"  hits="0"  branch="false" />
			<line number="34"  hits="0"  branch="false" />
			<line number="37"  hits="0"  branch="false" />
			<line number="38"  hits="0"  branch="false" />
			<line number="41"  hits="0"  branch="false" />
			<line number="42"  hits="0"  branch="false" />
			<line number="43"  hits="0"  branch="true"  condition-coverage="0% (0/2)" />
			<line number="44"  hits="0"  branch="false" />
			<line number="46"  hits="0"  branch="false" />
			<line number="49"  hits="0"  branch="false" />
			<line number="50"  hits="0"  branch="false" />
			<line number="51"  hits="0"  branch="false" />
			<line number="58"  hits="1"  branch="false" />
			<line number="60"  hits="0"  branch="false" />
			<line number="61"  hits="0"  branch="false" />
			<line number="62"  hits="0"  branch="false" />
			<line number="63"  hits="0"  branch="true"  condition-coverage="0% (0/2)" />
			<line number="64"  hits="0"  branch="true"  condition-coverage="0% (0/2)" />
			<line number="65"  hits="0"  branch="true"  condition-coverage="0% (0/4)" />
			<line number="66"  hits="0"  branch="false" />
			<line number="68"  hits="0"  branch="false" />
			<line number="69"  hits="0"  branch="false" />
			<line number="70"  hits="0"  branch="false" />
			<line number="71"  hits="0"  branch="false" />
			<line number="72"  hits="0"  branch="false" />
			<line number="73"  hits="0"  branch="false" />
			<line number="75"  hits="0"  branch="false" />
			<line number="78"  hits="1"  branch="false" />
			<line number="81"  hits="0"  branch="false" />
			<line number="82"  hits="0"  branch="false" />
			<line number="83"  hits="0"  branch="false" />
			<line number="84"  hits="0"  branch="false" />
			<line number="85"  hits="0"  branch="false" />
			<line number="86"  hits="0"  branch="false" />
		</lines>
		</class>
		<class name="matrix.js"  filename="js/matrix.js"  line-rate="0.4966"  branch-rate="0.5" >
		<methods>
			<method name="Matrix"  hits="19"  signature="()V" >
				<lines><line number="7"  hits="19" /></lines>
			</method>
			<method name="(anonymous_2)"  hits="4"  signature="()V" >
				<lines><line number="14"  hits="4" /></lines>
			</method>
			<method name="(anonymous_3)"  hits="0"  signature="()V" >
				<lines><line number="29"  hits="0" /></lines>
			</method>
			<method name="(anonymous_4)"  hits="0"  signature="()V" >
				<lines><line number="42"  hits="0" /></lines>
			</method>
			<method name="(anonymous_5)"  hits="5"  signature="()V" >
				<lines><line number="54"  hits="5" /></lines>
			</method>
			<method name="(anonymous_6)"  hits="4"  signature="()V" >
				<lines><line number="110"  hits="4" /></lines>
			</method>
			<method name="(anonymous_7)"  hits="0"  signature="()V" >
				<lines><line number="125"  hits="0" /></lines>
			</method>
			<method name="(anonymous_8)"  hits="14"  signature="()V" >
				<lines><line number="140"  hits="14" /></lines>
			</method>
			<method name="(anonymous_9)"  hits="14"  signature="()V" >
				<lines><line number="156"  hits="14" /></lines>
			</method>
			<method name="(anonymous_10)"  hits="0"  signature="()V" >
				<lines><line number="165"  hits="0" /></lines>
			</method>
			<method name="(anonymous_11)"  hits="0"  signature="()V" >
				<lines><line number="177"  hits="0" /></lines>
			</method>
			<method name="(anonymous_12)"  hits="0"  signature="()V" >
				<lines><line number="190"  hits="0" /></lines>
			</method>
			<method name="(anonymous_13)"  hits="0"  signature="()V" >
				<lines><line number="218"  hits="0" /></lines>
			</method>
			<method name="(anonymous_14)"  hits="0"  signature="()V" >
				<lines><line number="230"  hits="0" /></lines>
			</method>
			<method name="(anonymous_15)"  hits="0"  signature="()V" >
				<lines><line number="248"  hits="0" /></lines>
			</method>
		</methods>
		<lines>
			<line number="7"  hits="1"  branch="false" />
			<line number="9"  hits="19"  branch="false" />
			<line number="10"  hits="19"  branch="false" />
			<line number="11"  hits="19"  branch="true"  condition-coverage="50% (1/2)" />
			<line number="14"  hits="1"  branch="false" />
			<line number="16"  hits="4"  branch="false" />
			<line number="17"  hits="4"  branch="false" />
			<line number="18"  hits="14"  branch="true"  condition-coverage="50% (1/2)" />
			<line number="19"  hits="14"  branch="false" />
			<line number="23"  hits="0"  branch="false" />
			<line number="26"  hits="4"  branch="false" />
			<line number="29"  hits="1"  branch="false" />
			<line number="31"  hits="0"  branch="false" />
			<line number="32"  hits="0"  branch="false" />
			<line number="33"  hits="0"  branch="false" />
			<line number="34"  hits="0"  branch="false" />
			<line number="35"  hits="0"  branch="false" />
			<line number="38"  hits="0"  branch="false" />
			<line number="42"  hits="1"  branch="false" />
			<line number="44"  hits="0"  branch="false" />
			<line number="45"  hits="0"  branch="false" />
			<line number="46"  hits="0"  branch="false" />
			<line number="47"  hits="0"  branch="false" />
			<line number="48"  hits="0"  branch="false" />
			<line number="51"  hits="0"  branch="false" />
			<line number="54"  hits="1"  branch="false" />
			<line number="57"  hits="5"  branch="false" />
			<line number="58"  hits="5"  branch="false" />
			<line number="59"  hits="5"  branch="true"  condition-coverage="100% (2/2)" />
			<line number="60"  hits="1"  branch="false" />
			<line number="61"  hits="1"  branch="false" />
			<line number="62"  hits="3"  branch="false" />
			<line number="63"  hits="3"  branch="false" />
			<line number="64"  hits="9"  branch="false" />
			<line number="67"  hits="1"  branch="false" />
			<line number="68"  hits="4"  branch="true"  condition-coverage="100% (2/2)" />
			<line number="69"  hits="2"  branch="true"  condition-coverage="100% (2/2)" />
			<line number="70"  hits="1"  branch="false" />
			<line number="72"  hits="1"  branch="false" />
			<line number="73"  hits="1"  branch="false" />
			<line number="74"  hits="3"  branch="false" />
			<line number="75"  hits="3"  branch="false" />
			<line number="76"  hits="9"  branch="false" />
			<line number="78"  hits="3"  branch="false" />
			<line number="80"  hits="1"  branch="false" />
			<line number="83"  hits="2"  branch="true"  condition-coverage="100% (2/2)" />
			<line number="84"  hits="1"  branch="false" />
			<line number="86"  hits="1"  branch="false" />
			<line number="89"  hits="1"  branch="false" />
			<line number="90"  hits="3"  branch="false" />
			<line number="91"  hits="3"  branch="false" />
			<line number="92"  hits="9"  branch="false" />
			<line number="95"  hits="9"  branch="false" />
			<line number="100"  hits="27"  branch="false" />
			<line number="103"  hits="9"  branch="false" />
			<line number="106"  hits="1"  branch="false" />
			<line number="110"  hits="1"  branch="false" />
			<line number="112"  hits="4"  branch="true"  condition-coverage="100% (4/4)" />
			<line number="113"  hits="3"  branch="false" />
			<line number="115"  hits="1"  branch="false" />
			<line number="116"  hits="1"  branch="false" />
			<line number="117"  hits="3"  branch="false" />
			<line number="118"  hits="3"  branch="false" />
			<line number="119"  hits="9"  branch="false" />
			<line number="122"  hits="1"  branch="false" />
			<line number="125"  hits="1"  branch="false" />
			<line number="127"  hits="0"  branch="true"  condition-coverage="0% (0/4)" />
			<line number="128"  hits="0"  branch="false" />
			<line number="130"  hits="0"  branch="false" />
			<line number="131"  hits="0"  branch="false" />
			<line number="132"  hits="0"  branch="false" />
			<line number="133"  hits="0"  branch="false" />
			<line number="134"  hits="0"  branch="false" />
			<line number="137"  hits="0"  branch="false" />
			<line number="140"  hits="1"  branch="false" />
			<line number="142"  hits="14"  branch="true"  condition-coverage="50% (1/2)" />
			<line number="143"  hits="0"  branch="false" />
			<line number="146"  hits="14"  branch="false" />
			<line number="147"  hits="14"  branch="false" />
			<line number="148"  hits="42"  branch="false" />
			<line number="149"  hits="42"  branch="false" />
			<line number="150"  hits="128"  branch="true"  condition-coverage="100% (2/2)" />
			<line number="153"  hits="14"  branch="false" />
			<line number="156"  hits="1"  branch="false" />
			<line number="158"  hits="14"  branch="false" />
			<line number="159"  hits="14"  branch="false" />
			<line number="160"  hits="42"  branch="false" />
			<line number="162"  hits="14"  branch="false" />
			<line number="165"  hits="1"  branch="false" />
			<line number="167"  hits="0"  branch="false" />
			<line number="168"  hits="0"  branch="false" />
			<line number="169"  hits="0"  branch="false" />
			<line number="170"  hits="0"  branch="false" />
			<line number="171"  hits="0"  branch="false" />
			<line number="174"  hits="0"  branch="false" />
			<line number="177"  hits="1"  branch="false" />
			<line number="179"  hits="0"  branch="false" />
			<line number="180"  hits="0"  branch="false" />
			<line number="181"  hits="0"  branch="false" />
			<line number="182"  hits="0"  branch="true"  condition-coverage="0% (0/2)" />
			<line number="183"  hits="0"  branch="false" />
			<line number="187"  hits="0"  branch="false" />
			<line number="190"  hits="1"  branch="false" />
			<line number="192"  hits="0"  branch="false" />
			<line number="193"  hits="0"  branch="false" />
			<line number="194"  hits="0"  branch="false" />
			<line number="197"  hits="0"  branch="false" />
			<line number="198"  hits="0"  branch="false" />
			<line number="199"  hits="0"  branch="true"  condition-coverage="0% (0/2)" />
			<line number="201"  hits="0"  branch="false" />
			<line number="203"  hits="0"  branch="false" />
			<line number="204"  hits="0"  branch="false" />
			<line number="205"  hits="0"  branch="false" />
			<line number="212"  hits="0"  branch="false" />
			<line number="218"  hits="1"  branch="false" />
			<line number="221"  hits="0"  branch="false" />
			<line number="222"  hits="0"  branch="false" />
			<line number="223"  hits="0"  branch="false" />
			<line number="224"  hits="0"  branch="false" />
			<line number="225"  hits="0"  branch="false" />
			<line number="227"  hits="0"  branch="false" />
			<line number="230"  hits="1"  branch="false" />
			<line number="232"  hits="0"  branch="true"  condition-coverage="0% (0/4)" />
			<line number="233"  hits="0"  branch="false" />
			<line number="235"  hits="0"  branch="false" />
			<line number="236"  hits="0"  branch="false" />
			<line number="238"  hits="0"  branch="false" />
			<line number="239"  hits="0"  branch="false" />
			<line number="240"  hits="0"  branch="false" />
			<line number="241"  hits="0"  branch="false" />
			<line number="243"  hits="0"  branch="false" />
			<line number="245"  hits="0"  branch="false" />
			<line number="248"  hits="1"  branch="false" />
			<line number="250"  hits="0"  branch="true"  condition-coverage="0% (0/2)" />
			<line number="251"  hits="0"  branch="false" />
			<line number="254"  hits="0"  branch="false" />
			<line number="255"  hits="0"  branch="false" />
			<line number="256"  hits="0"  branch="false" />
			<line number="257"  hits="0"  branch="false" />
			<line number="260"  hits="0"  branch="false" />
			<line number="262"  hits="0"  branch="false" />
			<line number="263"  hits="0"  branch="false" />
			<line number="264"  hits="0"  branch="false" />
			<line number="266"  hits="0"  branch="false" />
			<line number="270"  hits="0"  branch="false" />
		</lines>
		</class>
		<class name="modernizr-2.6.2-respond-1.1.0.min.js"  filename="js/modernizr-2.6.2-respond-1.1.0.min.js"  line-rate="1"  branch-rate="0.2286" >
		<methods>
			<method name="(anonymous_1)"  hits="1"  signature="()V" >
				<lines><line number="4"  hits="1" /></lines>
			</method>
			<method name="D"  hits="6"  signature="()V" >
				<lines><line number="4"  hits="6" /></lines>
			</method>
			<method name="E"  hits="1"  signature="()V" >
				<lines><line number="4"  hits="1" /></lines>
			</method>
			<method name="F"  hits="27"  signature="()V" >
				<lines><line number="4"  hits="27" /></lines>
			</method>
			<method name="G"  hits="25"  signature="()V" >
				<lines><line number="4"  hits="25" /></lines>
			</method>
			<method name="H"  hits="11"  signature="()V" >
				<lines><line number="4"  hits="11" /></lines>
			</method>
			<method name="I"  hits="1"  signature="()V" >
				<lines><line number="4"  hits="1" /></lines>
			</method>
			<method name="J"  hits="12"  signature="()V" >
				<lines><line number="4"  hits="12" /></lines>
			</method>
			<method name="K"  hits="1"  signature="()V" >
				<lines><line number="4"  hits="1" /></lines>
			</method>
			<method name="(anonymous_10)"  hits="1"  signature="()V" >
				<lines><line number="4"  hits="1" /></lines>
			</method>
			<method name="(anonymous_11)"  hits="1"  signature="()V" >
				<lines><line number="4"  hits="1" /></lines>
			</method>
			<method name="(anonymous_12)"  hits="3"  signature="()V" >
				<lines><line number="4"  hits="3" /></lines>
			</method>
			<method name="(anonymous_13)"  hits="0"  signature="()V" >
				<lines><line number="4"  hits="0" /></lines>
			</method>
			<method name="(anonymous_14)"  hits="0"  signature="()V" >
				<lines><line number="4"  hits="0" /></lines>
			</method>
			<method name="(anonymous_15)"  hits="1"  signature="()V" >
				<lines><line number="4"  hits="1" /></lines>
			</method>
			<method name="d"  hits="1"  signature="()V" >
				<lines><line number="4"  hits="1" /></lines>
			</method>
			<method name="(anonymous_17)"  hits="41"  signature="()V" >
				<lines><line number="4"  hits="41" /></lines>
			</method>
			<method name="(anonymous_18)"  hits="0"  signature="()V" >
				<lines><line number="4"  hits="0" /></lines>
			</method>
			<method name="(anonymous_19)"  hits="0"  signature="()V" >
				<lines><line number="4"  hits="0" /></lines>
			</method>
			<method name="(anonymous_20)"  hits="0"  signature="()V" >
				<lines><line number="4"  hits="0" /></lines>
			</method>
			<method name="(anonymous_21)"  hits="0"  signature="()V" >
				<lines><line number="4"  hits="0" /></lines>
			</method>
			<method name="(anonymous_22)"  hits="1"  signature="()V" >
				<lines><line number="4"  hits="1" /></lines>
			</method>
			<method name="(anonymous_23)"  hits="1"  signature="()V" >
				<lines><line number="4"  hits="1" /></lines>
			</method>
			<method name="(anonymous_24)"  hits="1"  signature="()V" >
				<lines><line number="4"  hits="1" /></lines>
			</method>
			<method name="(anonymous_25)"  hits="1"  signature="()V" >
				<lines><line number="4"  hits="1" /></lines>
			</method>
			<method name="(anonymous_26)"  hits="1"  signature="()V" >
				<lines><line number="4"  hits="1" /></lines>
			</method>
			<method name="(anonymous_27)"  hits="0"  signature="()V" >
				<lines><line number="4"  hits="0" /></lines>
			</method>
			<method name="(anonymous_28)"  hits="1"  signature="()V" >
				<lines><line number="4"  hits="1" /></lines>
			</method>
			<method name="(anonymous_29)"  hits="1"  signature="()V" >
				<lines><line number="4"  hits="1" /></lines>
			</method>
			<method name="(anonymous_30)"  hits="1"  signature="()V" >
				<lines><line number="4"  hits="1" /></lines>
			</method>
			<method name="(anonymous_31)"  hits="1"  signature="()V" >
				<lines><line number="4"  hits="1" /></lines>
			</method>
			<method name="(anonymous_32)"  hits="1"  signature="()V" >
				<lines><line number="4"  hits="1" /></lines>
			</method>
			<method name="(anonymous_33)"  hits="1"  signature="()V" >
				<lines><line number="4"  hits="1" /></lines>
			</method>
			<method name="(anonymous_34)"  hits="1"  signature="()V" >
				<lines><line number="4"  hits="1" /></lines>
			</method>
			<method name="(anonymous_35)"  hits="1"  signature="()V" >
				<lines><line number="4"  hits="1" /></lines>
			</method>
			<method name="(anonymous_36)"  hits="1"  signature="()V" >
				<lines><line number="4"  hits="1" /></lines>
			</method>
			<method name="(anonymous_37)"  hits="1"  signature="()V" >
				<lines><line number="4"  hits="1" /></lines>
			</method>
			<method name="(anonymous_38)"  hits="1"  signature="()V" >
				<lines><line number="4"  hits="1" /></lines>
			</method>
			<method name="(anonymous_39)"  hits="1"  signature="()V" >
				<lines><line number="4"  hits="1" /></lines>
			</method>
			<method name="(anonymous_40)"  hits="1"  signature="()V" >
				<lines><line number="4"  hits="1" /></lines>
			</method>
			<method name="(anonymous_41)"  hits="1"  signature="()V" >
				<lines><line number="4"  hits="1" /></lines>
			</method>
			<method name="(anonymous_42)"  hits="1"  signature="()V" >
				<lines><line number="4"  hits="1" /></lines>
			</method>
			<method name="(anonymous_43)"  hits="1"  signature="()V" >
				<lines><line number="4"  hits="1" /></lines>
			</method>
			<method name="(anonymous_44)"  hits="1"  signature="()V" >
				<lines><line number="4"  hits="1" /></lines>
			</method>
			<method name="(anonymous_45)"  hits="1"  signature="()V" >
				<lines><line number="4"  hits="1" /></lines>
			</method>
			<method name="(anonymous_46)"  hits="1"  signature="()V" >
				<lines><line number="4"  hits="1" /></lines>
			</method>
			<method name="(anonymous_47)"  hits="1"  signature="()V" >
				<lines><line number="4"  hits="1" /></lines>
			</method>
			<method name="(anonymous_48)"  hits="1"  signature="()V" >
				<lines><line number="4"  hits="1" /></lines>
			</method>
			<method name="(anonymous_49)"  hits="1"  signature="()V" >
				<lines><line number="4"  hits="1" /></lines>
			</method>
			<method name="(anonymous_50)"  hits="1"  signature="()V" >
				<lines><line number="4"  hits="1" /></lines>
			</method>
			<method name="(anonymous_51)"  hits="1"  signature="()V" >
				<lines><line number="4"  hits="1" /></lines>
			</method>
			<method name="(anonymous_52)"  hits="1"  signature="()V" >
				<lines><line number="4"  hits="1" /></lines>
			</method>
			<method name="(anonymous_53)"  hits="1"  signature="()V" >
				<lines><line number="4"  hits="1" /></lines>
			</method>
			<method name="(anonymous_54)"  hits="1"  signature="()V" >
				<lines><line number="4"  hits="1" /></lines>
			</method>
			<method name="(anonymous_55)"  hits="1"  signature="()V" >
				<lines><line number="4"  hits="1" /></lines>
			</method>
			<method name="(anonymous_56)"  hits="1"  signature="()V" >
				<lines><line number="4"  hits="1" /></lines>
			</method>
			<method name="(anonymous_57)"  hits="1"  signature="()V" >
				<lines><line number="4"  hits="1" /></lines>
			</method>
			<method name="(anonymous_58)"  hits="1"  signature="()V" >
				<lines><line number="4"  hits="1" /></lines>
			</method>
			<method name="(anonymous_59)"  hits="1"  signature="()V" >
				<lines><line number="4"  hits="1" /></lines>
			</method>
			<method name="(anonymous_60)"  hits="1"  signature="()V" >
				<lines><line number="4"  hits="1" /></lines>
			</method>
			<method name="(anonymous_61)"  hits="1"  signature="()V" >
				<lines><line number="4"  hits="1" /></lines>
			</method>
			<method name="(anonymous_62)"  hits="1"  signature="()V" >
				<lines><line number="4"  hits="1" /></lines>
			</method>
			<method name="(anonymous_63)"  hits="1"  signature="()V" >
				<lines><line number="4"  hits="1" /></lines>
			</method>
			<method name="(anonymous_64)"  hits="1"  signature="()V" >
				<lines><line number="4"  hits="1" /></lines>
			</method>
			<method name="(anonymous_65)"  hits="1"  signature="()V" >
				<lines><line number="4"  hits="1" /></lines>
			</method>
			<method name="(anonymous_66)"  hits="1"  signature="()V" >
				<lines><line number="4"  hits="1" /></lines>
			</method>
			<method name="(anonymous_67)"  hits="0"  signature="()V" >
				<lines><line number="4"  hits="0" /></lines>
			</method>
			<method name="(anonymous_68)"  hits="1"  signature="()V" >
				<lines><line number="4"  hits="1" /></lines>
			</method>
			<method name="k"  hits="0"  signature="()V" >
				<lines><line number="4"  hits="0" /></lines>
			</method>
			<method name="l"  hits="0"  signature="()V" >
				<lines><line number="4"  hits="0" /></lines>
			</method>
			<method name="m"  hits="1"  signature="()V" >
				<lines><line number="4"  hits="1" /></lines>
			</method>
			<method name="n"  hits="0"  signature="()V" >
				<lines><line number="4"  hits="0" /></lines>
			</method>
			<method name="o"  hits="0"  signature="()V" >
				<lines><line number="4"  hits="0" /></lines>
			</method>
			<method name="p"  hits="0"  signature="()V" >
				<lines><line number="4"  hits="0" /></lines>
			</method>
			<method name="(anonymous_75)"  hits="0"  signature="()V" >
				<lines><line number="4"  hits="0" /></lines>
			</method>
			<method name="(anonymous_76)"  hits="0"  signature="()V" >
				<lines><line number="4"  hits="0" /></lines>
			</method>
			<method name="q"  hits="1"  signature="()V" >
				<lines><line number="4"  hits="1" /></lines>
			</method>
			<method name="(anonymous_78)"  hits="1"  signature="()V" >
				<lines><line number="4"  hits="1" /></lines>
			</method>
			<method name="(anonymous_79)"  hits="0"  signature="()V" >
				<lines><line number="4"  hits="0" /></lines>
			</method>
			<method name="(anonymous_80)"  hits="0"  signature="()V" >
				<lines><line number="4"  hits="0" /></lines>
			</method>
			<method name="(anonymous_81)"  hits="0"  signature="()V" >
				<lines><line number="4"  hits="0" /></lines>
			</method>
			<method name="(anonymous_82)"  hits="1"  signature="()V" >
				<lines><line number="4"  hits="1" /></lines>
			</method>
			<method name="d"  hits="0"  signature="()V" >
				<lines><line number="4"  hits="0" /></lines>
			</method>
			<method name="e"  hits="0"  signature="()V" >
				<lines><line number="4"  hits="0" /></lines>
			</method>
			<method name="f"  hits="0"  signature="()V" >
				<lines><line number="4"  hits="0" /></lines>
			</method>
			<method name="g"  hits="0"  signature="()V" >
				<lines><line number="4"  hits="0" /></lines>
			</method>
			<method name="h"  hits="0"  signature="()V" >
				<lines><line number="4"  hits="0" /></lines>
			</method>
			<method name="(anonymous_88)"  hits="0"  signature="()V" >
				<lines><line number="4"  hits="0" /></lines>
			</method>
			<method name="i"  hits="0"  signature="()V" >
				<lines><line number="4"  hits="0" /></lines>
			</method>
			<method name="k"  hits="0"  signature="()V" >
				<lines><line number="4"  hits="0" /></lines>
			</method>
			<method name="(anonymous_91)"  hits="0"  signature="()V" >
				<lines><line number="4"  hits="0" /></lines>
			</method>
			<method name="(anonymous_92)"  hits="0"  signature="()V" >
				<lines><line number="4"  hits="0" /></lines>
			</method>
			<method name="j"  hits="0"  signature="()V" >
				<lines><line number="4"  hits="0" /></lines>
			</method>
			<method name="k"  hits="1"  signature="()V" >
				<lines><line number="4"  hits="1" /></lines>
			</method>
			<method name="(anonymous_95)"  hits="0"  signature="()V" >
				<lines><line number="4"  hits="0" /></lines>
			</method>
			<method name="(anonymous_96)"  hits="0"  signature="()V" >
				<lines><line number="4"  hits="0" /></lines>
			</method>
			<method name="(anonymous_97)"  hits="0"  signature="()V" >
				<lines><line number="4"  hits="0" /></lines>
			</method>
			<method name="b"  hits="0"  signature="()V" >
				<lines><line number="4"  hits="0" /></lines>
			</method>
			<method name="g"  hits="0"  signature="()V" >
				<lines><line number="4"  hits="0" /></lines>
			</method>
			<method name="(anonymous_100)"  hits="0"  signature="()V" >
				<lines><line number="4"  hits="0" /></lines>
			</method>
			<method name="h"  hits="0"  signature="()V" >
				<lines><line number="4"  hits="0" /></lines>
			</method>
			<method name="c"  hits="0"  signature="()V" >
				<lines><line number="4"  hits="0" /></lines>
			</method>
			<method name="(anonymous_103)"  hits="0"  signature="()V" >
				<lines><line number="4"  hits="0" /></lines>
			</method>
			<method name="(anonymous_104)"  hits="0"  signature="()V" >
				<lines><line number="4"  hits="0" /></lines>
			</method>
			<method name="(anonymous_105)"  hits="0"  signature="()V" >
				<lines><line number="4"  hits="0" /></lines>
			</method>
			<method name="(anonymous_106)"  hits="0"  signature="()V" >
				<lines><line number="4"  hits="0" /></lines>
			</method>
			<method name="(anonymous_107)"  hits="0"  signature="()V" >
				<lines><line number="4"  hits="0" /></lines>
			</method>
			<method name="(anonymous_108)"  hits="0"  signature="()V" >
				<lines><line number="4"  hits="0" /></lines>
			</method>
			<method name="(anonymous_109)"  hits="0"  signature="()V" >
				<lines><line number="4"  hits="0" /></lines>
			</method>
			<method name="(anonymous_110)"  hits="0"  signature="()V" >
				<lines><line number="4"  hits="0" /></lines>
			</method>
			<method name="(anonymous_111)"  hits="0"  signature="()V" >
				<lines><line number="4"  hits="0" /></lines>
			</method>
			<method name="(anonymous_112)"  hits="0"  signature="()V" >
				<lines><line number="4"  hits="0" /></lines>
			</method>
			<method name="(anonymous_113)"  hits="0"  signature="()V" >
				<lines><line number="4"  hits="0" /></lines>
			</method>
			<method name="(anonymous_114)"  hits="0"  signature="()V" >
				<lines><line number="4"  hits="0" /></lines>
			</method>
			<method name="(anonymous_115)"  hits="0"  signature="()V" >
				<lines><line number="4"  hits="0" /></lines>
			</method>
			<method name="(anonymous_116)"  hits="0"  signature="()V" >
				<lines><line number="8"  hits="0" /></lines>
			</method>
			<method name="(anonymous_117)"  hits="0"  signature="()V" >
				<lines><line number="8"  hits="0" /></lines>
			</method>
			<method name="(anonymous_118)"  hits="1"  signature="()V" >
				<lines><line number="11"  hits="1" /></lines>
			</method>
			<method name="(anonymous_119)"  hits="0"  signature="()V" >
				<lines><line number="11"  hits="0" /></lines>
			</method>
			<method name="(anonymous_120)"  hits="0"  signature="()V" >
				<lines><line number="11"  hits="0" /></lines>
			</method>
			<method name="(anonymous_121)"  hits="0"  signature="()V" >
				<lines><line number="11"  hits="0" /></lines>
			</method>
			<method name="(anonymous_122)"  hits="0"  signature="()V" >
				<lines><line number="11"  hits="0" /></lines>
			</method>
			<method name="(anonymous_123)"  hits="0"  signature="()V" >
				<lines><line number="11"  hits="0" /></lines>
			</method>
			<method name="(anonymous_124)"  hits="0"  signature="()V" >
				<lines><line number="11"  hits="0" /></lines>
			</method>
			<method name="(anonymous_125)"  hits="0"  signature="()V" >
				<lines><line number="11"  hits="0" /></lines>
			</method>
			<method name="(anonymous_126)"  hits="0"  signature="()V" >
				<lines><line number="11"  hits="0" /></lines>
			</method>
			<method name="(anonymous_127)"  hits="0"  signature="()V" >
				<lines><line number="11"  hits="0" /></lines>
			</method>
			<method name="(anonymous_128)"  hits="0"  signature="()V" >
				<lines><line number="11"  hits="0" /></lines>
			</method>
			<method name="(anonymous_129)"  hits="0"  signature="()V" >
				<lines><line number="11"  hits="0" /></lines>
			</method>
			<method name="(anonymous_130)"  hits="0"  signature="()V" >
				<lines><line number="11"  hits="0" /></lines>
			</method>
			<method name="t"  hits="0"  signature="()V" >
				<lines><line number="11"  hits="0" /></lines>
			</method>
		</methods>
		<lines>
			<line number="4"  hits="41"  branch="true"  condition-coverage="28.690807799442897% (103/359)" />
			<line number="8"  hits="1"  branch="true"  condition-coverage="25% (1/4)" />
			<line number="11"  hits="1"  branch="true"  condition-coverage="2.857142857142857% (3/105)" />
		</lines>
		</class>
		<class name="monkeypatch.js"  filename="js/monkeypatch.js"  line-rate="0.6757"  branch-rate="0.625" >
		<methods>
			<method name="(anonymous_1)"  hits="0"  signature="()V" >
				<lines><line number="3"  hits="0" /></lines>
			</method>
			<method name="decimalAdjust"  hits="30"  signature="()V" >
				<lines><line number="14"  hits="30" /></lines>
			</method>
			<method name="(anonymous_3)"  hits="30"  signature="()V" >
				<lines><line number="37"  hits="30" /></lines>
			</method>
			<method name="(anonymous_4)"  hits="0"  signature="()V" >
				<lines><line number="45"  hits="0" /></lines>
			</method>
			<method name="(anonymous_5)"  hits="0"  signature="()V" >
				<lines><line number="53"  hits="0" /></lines>
			</method>
			<method name="parseTextAsXml"  hits="0"  signature="()V" >
				<lines><line number="59"  hits="0" /></lines>
			</method>
			<method name="handleFileSelection"  hits="0"  signature="()V" >
				<lines><line number="66"  hits="0" /></lines>
			</method>
			<method name="isNumber"  hits="6"  signature="()V" >
				<lines><line number="76"  hits="6" /></lines>
			</method>
			<method name="trunc"  hits="30"  signature="()V" >
				<lines><line number="81"  hits="30" /></lines>
			</method>
		</methods>
		<lines>
			<line number="2"  hits="1"  branch="false" />
			<line number="3"  hits="1"  branch="false" />
			<line number="5"  hits="0"  branch="true"  condition-coverage="0% (0/2)" />
			<line number="6"  hits="0"  branch="false" />
			<line number="8"  hits="0"  branch="false" />
			<line number="14"  hits="1"  branch="false" />
			<line number="17"  hits="30"  branch="true"  condition-coverage="75% (3/4)" />
			<line number="18"  hits="0"  branch="false" />
			<line number="20"  hits="30"  branch="false" />
			<line number="21"  hits="30"  branch="false" />
			<line number="24"  hits="30"  branch="true"  condition-coverage="83.33333333333334% (5/6)" />
			<line number="25"  hits="0"  branch="false" />
			<line number="28"  hits="30"  branch="false" />
			<line number="29"  hits="30"  branch="true"  condition-coverage="50% (1/2)" />
			<line number="31"  hits="30"  branch="false" />
			<line number="32"  hits="30"  branch="true"  condition-coverage="50% (1/2)" />
			<line number="36"  hits="1"  branch="true"  condition-coverage="50% (1/2)" />
			<line number="37"  hits="1"  branch="false" />
			<line number="39"  hits="30"  branch="false" />
			<line number="44"  hits="1"  branch="true"  condition-coverage="50% (1/2)" />
			<line number="45"  hits="1"  branch="false" />
			<line number="47"  hits="0"  branch="false" />
			<line number="52"  hits="1"  branch="true"  condition-coverage="50% (1/2)" />
			<line number="53"  hits="1"  branch="false" />
			<line number="55"  hits="0"  branch="false" />
			<line number="59"  hits="1"  branch="false" />
			<line number="61"  hits="0"  branch="false" />
			<line number="63"  hits="0"  branch="false" />
			<line number="66"  hits="1"  branch="false" />
			<line number="68"  hits="0"  branch="false" />
			<line number="71"  hits="0"  branch="false" />
			<line number="72"  hits="0"  branch="false" />
			<line number="76"  hits="1"  branch="false" />
			<line number="78"  hits="6"  branch="true"  condition-coverage="100% (2/2)" />
			<line number="81"  hits="1"  branch="false" />
			<line number="83"  hits="30"  branch="false" />
			<line number="84"  hits="30"  branch="false" />
		</lines>
		</class>
		<class name="vector.js"  filename="js/vector.js"  line-rate="0.6279"  branch-rate="0.6667000000000001" >
		<methods>
			<method name="(anonymous_1)"  hits="3"  signature="()V" >
				<lines><line number="1"  hits="3" /></lines>
			</method>
			<method name="(anonymous_2)"  hits="3"  signature="()V" >
				<lines><line number="16"  hits="3" /></lines>
			</method>
			<method name="(anonymous_3)"  hits="0"  signature="()V" >
				<lines><line number="31"  hits="0" /></lines>
			</method>
			<method name="(anonymous_4)"  hits="2"  signature="()V" >
				<lines><line number="42"  hits="2" /></lines>
			</method>
			<method name="(anonymous_5)"  hits="0"  signature="()V" >
				<lines><line number="59"  hits="0" /></lines>
			</method>
			<method name="(anonymous_6)"  hits="0"  signature="()V" >
				<lines><line number="64"  hits="0" /></lines>
			</method>
			<method name="(anonymous_7)"  hits="0"  signature="()V" >
				<lines><line number="74"  hits="0" /></lines>
			</method>
		</methods>
		<lines>
			<line number="1"  hits="1"  branch="false" />
			<line number="3"  hits="3"  branch="true"  condition-coverage="75% (3/4)" />
			<line number="4"  hits="0"  branch="false" />
			<line number="6"  hits="3"  branch="true"  condition-coverage="100% (2/2)" />
			<line number="7"  hits="2"  branch="false" />
			<line number="10"  hits="1"  branch="false" />
			<line number="11"  hits="3"  branch="false" />
			<line number="13"  hits="1"  branch="false" />
			<line number="16"  hits="1"  branch="false" />
			<line number="18"  hits="3"  branch="true"  condition-coverage="100% (2/2)" />
			<line number="19"  hits="1"  branch="false" />
			<line number="21"  hits="2"  branch="true"  condition-coverage="100% (2/2)" />
			<line number="22"  hits="1"  branch="false" />
			<line number="25"  hits="1"  branch="false" />
			<line number="26"  hits="3"  branch="false" />
			<line number="28"  hits="1"  branch="false" />
			<line number="31"  hits="1"  branch="false" />
			<line number="33"  hits="0"  branch="true"  condition-coverage="0% (0/2)" />
			<line number="34"  hits="0"  branch="false" />
			<line number="36"  hits="0"  branch="false" />
			<line number="37"  hits="0"  branch="false" />
			<line number="39"  hits="0"  branch="false" />
			<line number="42"  hits="1"  branch="false" />
			<line number="44"  hits="2"  branch="true"  condition-coverage="50% (1/2)" />
			<line number="45"  hits="0"  branch="false" />
			<line number="48"  hits="2"  branch="true"  condition-coverage="100% (2/2)" />
			<line number="49"  hits="1"  branch="false" />
			<line number="52"  hits="1"  branch="false" />
			<line number="53"  hits="1"  branch="false" />
			<line number="54"  hits="3"  branch="false" />
			<line number="56"  hits="1"  branch="false" />
			<line number="59"  hits="1"  branch="false" />
			<line number="61"  hits="0"  branch="false" />
			<line number="64"  hits="1"  branch="false" />
			<line number="66"  hits="0"  branch="false" />
			<line number="67"  hits="0"  branch="false" />
			<line number="68"  hits="0"  branch="false" />
			<line number="69"  hits="0"  branch="false" />
			<line number="71"  hits="0"  branch="false" />
			<line number="74"  hits="1"  branch="false" />
			<line number="76"  hits="0"  branch="true"  condition-coverage="0% (0/2)" />
			<line number="77"  hits="0"  branch="false" />
			<line number="80"  hits="0"  branch="false" />
		</lines>
		</class>
	</classes>
	</package>
</packages>
</coverage>
