{"js/bridge-elements.js":{"path":"js/bridge-elements.js","s":{"1":1,"2":1,"3":1,"4":1,"5":1,"6":1,"7":0,"8":0,"9":0,"10":0,"11":0,"12":0,"13":0,"14":0,"15":0,"16":0,"17":0,"18":0,"19":0,"20":0,"21":0,"22":0,"23":0,"24":0,"25":0,"26":0,"27":0,"28":0,"29":0,"30":0,"31":0,"32":0,"33":0,"34":0,"35":0,"36":0,"37":0,"38":0,"39":0,"40":0,"41":0,"42":0,"43":0,"44":0,"45":0,"46":1,"47":0,"48":0,"49":0,"50":0,"51":0,"52":0,"53":0,"54":0,"55":0,"56":0,"57":0,"58":0,"59":0,"60":0,"61":0,"62":0,"63":0,"64":1,"65":0,"66":1,"67":1,"68":1,"69":1,"70":1,"71":1,"72":1,"73":0,"74":1,"75":0,"76":1,"77":0,"78":1,"79":0,"80":1,"81":0,"82":1,"83":0,"84":1,"85":0,"86":0,"87":0,"88":0,"89":0,"90":0,"91":1,"92":0,"93":0,"94":0,"95":0,"96":0,"97":1,"98":0,"99":1,"100":0,"101":1,"102":0,"103":1,"104":0,"105":0,"106":0,"107":0,"108":1,"109":1},"b":{"1":[0,0],"2":[0,0],"3":[0,0],"4":[0,0,0,0,0,0],"5":[0,0],"6":[0,0,0],"7":[0,0],"8":[0,0],"9":[0,0],"10":[0,0],"11":[0,0],"12":[0,0],"13":[0,0],"14":[0,0],"15":[0,0,0,0],"16":[0,0],"17":[0,0],"18":[0,0],"19":[0,0],"20":[0,0],"21":[0,0],"22":[0,0],"23":[0,0],"24":[0,0],"25":[0,0]},"f":{"1":1,"2":0,"3":0,"4":0,"5":1,"6":0,"7":0,"8":0,"9":0,"10":0,"11":0,"12":0,"13":0,"14":0,"15":0,"16":0,"17":0},"fnMap":{"1":{"name":"(anonymous_1)","line":34,"loc":{"start":{"line":34,"column":13},"end":{"line":34,"column":24}}},"2":{"name":"(anonymous_2)","line":53,"loc":{"start":{"line":53,"column":29},"end":{"line":53,"column":41}}},"3":{"name":"(anonymous_3)","line":125,"loc":{"start":{"line":125,"column":31},"end":{"line":125,"column":43}}},"4":{"name":"(anonymous_4)","line":166,"loc":{"start":{"line":166,"column":28},"end":{"line":166,"column":49}}},"5":{"name":"(anonymous_5)","line":177,"loc":{"start":{"line":177,"column":13},"end":{"line":177,"column":24}}},"6":{"name":"(anonymous_6)","line":216,"loc":{"start":{"line":216,"column":24},"end":{"line":216,"column":36}}},"7":{"name":"(anonymous_7)","line":226,"loc":{"start":{"line":226,"column":24},"end":{"line":226,"column":36}}},"8":{"name":"(anonymous_8)","line":236,"loc":{"start":{"line":236,"column":27},"end":{"line":236,"column":39}}},"9":{"name":"(anonymous_9)","line":247,"loc":{"start":{"line":247,"column":24},"end":{"line":247,"column":36}}},"10":{"name":"(anonymous_10)","line":258,"loc":{"start":{"line":258,"column":24},"end":{"line":258,"column":36}}},"11":{"name":"(anonymous_11)","line":269,"loc":{"start":{"line":269,"column":27},"end":{"line":269,"column":42}}},"12":{"name":"(anonymous_12)","line":280,"loc":{"start":{"line":280,"column":11},"end":{"line":280,"column":22}}},"13":{"name":"(anonymous_13)","line":325,"loc":{"start":{"line":325,"column":29},"end":{"line":325,"column":48}}},"14":{"name":"(anonymous_14)","line":344,"loc":{"start":{"line":344,"column":29},"end":{"line":344,"column":48}}},"15":{"name":"(anonymous_15)","line":354,"loc":{"start":{"line":354,"column":26},"end":{"line":354,"column":37}}},"16":{"name":"(anonymous_16)","line":366,"loc":{"start":{"line":366,"column":26},"end":{"line":366,"column":40}}},"17":{"name":"(anonymous_17)","line":375,"loc":{"start":{"line":375,"column":12},"end":{"line":375,"column":23}}}},"statementMap":{"1":{"start":{"line":34,"column":0},"end":{"line":39,"column":2}},"2":{"start":{"line":35,"column":2},"end":{"line":35,"column":20}},"3":{"start":{"line":36,"column":2},"end":{"line":36,"column":20}},"4":{"start":{"line":37,"column":2},"end":{"line":37,"column":20}},"5":{"start":{"line":38,"column":2},"end":{"line":38,"column":14}},"6":{"start":{"line":53,"column":0},"end":{"line":125,"column":0}},"7":{"start":{"line":59,"column":1},"end":{"line":59,"column":54}},"8":{"start":{"line":60,"column":1},"end":{"line":60,"column":50}},"9":{"start":{"line":61,"column":1},"end":{"line":61,"column":50}},"10":{"start":{"line":62,"column":1},"end":{"line":112,"column":2}},"11":{"start":{"line":63,"column":2},"end":{"line":63,"column":40}},"12":{"start":{"line":63,"column":27},"end":{"line":63,"column":39}},"13":{"start":{"line":64,"column":2},"end":{"line":101,"column":3}},"14":{"start":{"line":66,"column":4},"end":{"line":67,"column":38}},"15":{"start":{"line":68,"column":4},"end":{"line":68,"column":29}},"16":{"start":{"line":69,"column":4},"end":{"line":69,"column":40}},"17":{"start":{"line":70,"column":4},"end":{"line":70,"column":60}},"18":{"start":{"line":71,"column":4},"end":{"line":71,"column":62}},"19":{"start":{"line":72,"column":4},"end":{"line":84,"column":5}},"20":{"start":{"line":73,"column":5},"end":{"line":77,"column":6}},"21":{"start":{"line":74,"column":6},"end":{"line":74,"column":19}},"22":{"start":{"line":76,"column":6},"end":{"line":76,"column":23}},"23":{"start":{"line":79,"column":5},"end":{"line":83,"column":6}},"24":{"start":{"line":80,"column":6},"end":{"line":80,"column":19}},"25":{"start":{"line":82,"column":6},"end":{"line":82,"column":24}},"26":{"start":{"line":85,"column":4},"end":{"line":87,"column":5}},"27":{"start":{"line":86,"column":5},"end":{"line":86,"column":33}},"28":{"start":{"line":88,"column":4},"end":{"line":88,"column":23}},"29":{"start":{"line":89,"column":4},"end":{"line":89,"column":16}},"30":{"start":{"line":90,"column":4},"end":{"line":90,"column":10}},"31":{"start":{"line":92,"column":4},"end":{"line":93,"column":53}},"32":{"start":{"line":94,"column":4},"end":{"line":94,"column":25}},"33":{"start":{"line":95,"column":4},"end":{"line":95,"column":16}},"34":{"start":{"line":96,"column":4},"end":{"line":96,"column":10}},"35":{"start":{"line":98,"column":4},"end":{"line":98,"column":47}},"36":{"start":{"line":99,"column":4},"end":{"line":99,"column":17}},"37":{"start":{"line":100,"column":4},"end":{"line":100,"column":10}},"38":{"start":{"line":103,"column":8},"end":{"line":112,"column":2}},"39":{"start":{"line":104,"column":8},"end":{"line":104,"column":50}},"40":{"start":{"line":104,"column":35},"end":{"line":104,"column":48}},"41":{"start":{"line":105,"column":2},"end":{"line":105,"column":20}},"42":{"start":{"line":106,"column":2},"end":{"line":106,"column":14}},"43":{"start":{"line":108,"column":2},"end":{"line":110,"column":64}},"44":{"start":{"line":111,"column":2},"end":{"line":111,"column":15}},"45":{"start":{"line":113,"column":1},"end":{"line":113,"column":14}},"46":{"start":{"line":125,"column":0},"end":{"line":166,"column":0}},"47":{"start":{"line":126,"column":4},"end":{"line":153,"column":2}},"48":{"start":{"line":128,"column":12},"end":{"line":133,"column":13}},"49":{"start":{"line":129,"column":16},"end":{"line":132,"column":17}},"50":{"start":{"line":130,"column":20},"end":{"line":130,"column":101}},"51":{"start":{"line":131,"column":20},"end":{"line":131,"column":32}},"52":{"start":{"line":134,"column":12},"end":{"line":134,"column":18}},"53":{"start":{"line":136,"column":12},"end":{"line":141,"column":13}},"54":{"start":{"line":137,"column":16},"end":{"line":140,"column":17}},"55":{"start":{"line":138,"column":20},"end":{"line":138,"column":101}},"56":{"start":{"line":139,"column":20},"end":{"line":139,"column":32}},"57":{"start":{"line":142,"column":12},"end":{"line":142,"column":18}},"58":{"start":{"line":144,"column":12},"end":{"line":149,"column":13}},"59":{"start":{"line":145,"column":16},"end":{"line":148,"column":17}},"60":{"start":{"line":146,"column":20},"end":{"line":146,"column":104}},"61":{"start":{"line":147,"column":20},"end":{"line":147,"column":32}},"62":{"start":{"line":150,"column":12},"end":{"line":150,"column":18}},"63":{"start":{"line":152,"column":12},"end":{"line":152,"column":25}},"64":{"start":{"line":166,"column":0},"end":{"line":177,"column":0}},"65":{"start":{"line":167,"column":1},"end":{"line":168,"column":0}},"66":{"start":{"line":177,"column":0},"end":{"line":206,"column":2}},"67":{"start":{"line":183,"column":2},"end":{"line":183,"column":24}},"68":{"start":{"line":190,"column":3},"end":{"line":190,"column":21}},"69":{"start":{"line":197,"column":3},"end":{"line":197,"column":21}},"70":{"start":{"line":204,"column":3},"end":{"line":204,"column":21}},"71":{"start":{"line":205,"column":3},"end":{"line":205,"column":15}},"72":{"start":{"line":216,"column":0},"end":{"line":216,"column":56}},"73":{"start":{"line":216,"column":38},"end":{"line":216,"column":53}},"74":{"start":{"line":226,"column":0},"end":{"line":226,"column":56}},"75":{"start":{"line":226,"column":38},"end":{"line":226,"column":53}},"76":{"start":{"line":236,"column":0},"end":{"line":236,"column":62}},"77":{"start":{"line":236,"column":41},"end":{"line":236,"column":59}},"78":{"start":{"line":247,"column":0},"end":{"line":247,"column":63}},"79":{"start":{"line":247,"column":38},"end":{"line":247,"column":60}},"80":{"start":{"line":258,"column":0},"end":{"line":258,"column":63}},"81":{"start":{"line":258,"column":38},"end":{"line":258,"column":60}},"82":{"start":{"line":269,"column":0},"end":{"line":269,"column":77}},"83":{"start":{"line":269,"column":44},"end":{"line":269,"column":74}},"84":{"start":{"line":280,"column":0},"end":{"line":315,"column":2}},"85":{"start":{"line":286,"column":2},"end":{"line":286,"column":26}},"86":{"start":{"line":292,"column":2},"end":{"line":292,"column":29}},"87":{"start":{"line":298,"column":2},"end":{"line":298,"column":29}},"88":{"start":{"line":306,"column":2},"end":{"line":306,"column":24}},"89":{"start":{"line":313,"column":2},"end":{"line":313,"column":20}},"90":{"start":{"line":314,"column":2},"end":{"line":314,"column":14}},"91":{"start":{"line":325,"column":0},"end":{"line":332,"column":2}},"92":{"start":{"line":326,"column":4},"end":{"line":330,"column":5}},"93":{"start":{"line":327,"column":8},"end":{"line":327,"column":108}},"94":{"start":{"line":328,"column":8},"end":{"line":328,"column":113}},"95":{"start":{"line":329,"column":8},"end":{"line":329,"column":122}},"96":{"start":{"line":331,"column":4},"end":{"line":331,"column":26}},"97":{"start":{"line":344,"column":0},"end":{"line":354,"column":0}},"98":{"start":{"line":344,"column":50},"end":{"line":344,"column":76}},"99":{"start":{"line":354,"column":0},"end":{"line":354,"column":60}},"100":{"start":{"line":354,"column":39},"end":{"line":354,"column":57}},"101":{"start":{"line":366,"column":0},"end":{"line":366,"column":63}},"102":{"start":{"line":366,"column":42},"end":{"line":366,"column":60}},"103":{"start":{"line":375,"column":0},"end":{"line":397,"column":2}},"104":{"start":{"line":381,"column":2},"end":{"line":381,"column":23}},"105":{"start":{"line":388,"column":2},"end":{"line":388,"column":20}},"106":{"start":{"line":395,"column":2},"end":{"line":395,"column":20}},"107":{"start":{"line":396,"column":2},"end":{"line":396,"column":14}},"108":{"start":{"line":398,"column":0},"end":{"line":398,"column":31}},"109":{"start":{"line":403,"column":0},"end":{"line":403,"column":36}}},"branchMap":{"1":{"line":60,"type":"cond-expr","locations":[{"start":{"line":60,"column":29},"end":{"line":60,"column":37}},{"start":{"line":60,"column":40},"end":{"line":60,"column":49}}]},"2":{"line":61,"type":"cond-expr","locations":[{"start":{"line":61,"column":29},"end":{"line":61,"column":37}},{"start":{"line":61,"column":40},"end":{"line":61,"column":49}}]},"3":{"line":62,"type":"if","locations":[{"start":{"line":62,"column":1},"end":{"line":62,"column":1}},{"start":{"line":62,"column":1},"end":{"line":62,"column":1}}]},"4":{"line":62,"type":"binary-expr","locations":[{"start":{"line":62,"column":5},"end":{"line":62,"column":6}},{"start":{"line":62,"column":10},"end":{"line":62,"column":15}},{"start":{"line":62,"column":19},"end":{"line":62,"column":35}},{"start":{"line":62,"column":39},"end":{"line":62,"column":40}},{"start":{"line":62,"column":44},"end":{"line":62,"column":49}},{"start":{"line":62,"column":53},"end":{"line":62,"column":70}}]},"5":{"line":63,"type":"if","locations":[{"start":{"line":63,"column":2},"end":{"line":63,"column":2}},{"start":{"line":63,"column":2},"end":{"line":63,"column":2}}]},"6":{"line":64,"type":"switch","locations":[{"start":{"line":65,"column":3},"end":{"line":90,"column":10}},{"start":{"line":91,"column":3},"end":{"line":96,"column":10}},{"start":{"line":97,"column":3},"end":{"line":100,"column":10}}]},"7":{"line":72,"type":"if","locations":[{"start":{"line":72,"column":4},"end":{"line":72,"column":4}},{"start":{"line":72,"column":4},"end":{"line":72,"column":4}}]},"8":{"line":73,"type":"if","locations":[{"start":{"line":73,"column":5},"end":{"line":73,"column":5}},{"start":{"line":73,"column":5},"end":{"line":73,"column":5}}]},"9":{"line":73,"type":"binary-expr","locations":[{"start":{"line":73,"column":9},"end":{"line":73,"column":19}},{"start":{"line":73,"column":23},"end":{"line":73,"column":52}}]},"10":{"line":79,"type":"if","locations":[{"start":{"line":79,"column":5},"end":{"line":79,"column":5}},{"start":{"line":79,"column":5},"end":{"line":79,"column":5}}]},"11":{"line":79,"type":"binary-expr","locations":[{"start":{"line":79,"column":9},"end":{"line":79,"column":19}},{"start":{"line":79,"column":23},"end":{"line":79,"column":53}}]},"12":{"line":85,"type":"if","locations":[{"start":{"line":85,"column":4},"end":{"line":85,"column":4}},{"start":{"line":85,"column":4},"end":{"line":85,"column":4}}]},"13":{"line":103,"type":"if","locations":[{"start":{"line":103,"column":8},"end":{"line":103,"column":8}},{"start":{"line":103,"column":8},"end":{"line":103,"column":8}}]},"14":{"line":104,"type":"if","locations":[{"start":{"line":104,"column":8},"end":{"line":104,"column":8}},{"start":{"line":104,"column":8},"end":{"line":104,"column":8}}]},"15":{"line":126,"type":"switch","locations":[{"start":{"line":127,"column":8},"end":{"line":134,"column":18}},{"start":{"line":135,"column":8},"end":{"line":142,"column":18}},{"start":{"line":143,"column":8},"end":{"line":150,"column":18}},{"start":{"line":151,"column":8},"end":{"line":152,"column":25}}]},"16":{"line":129,"type":"if","locations":[{"start":{"line":129,"column":16},"end":{"line":129,"column":16}},{"start":{"line":129,"column":16},"end":{"line":129,"column":16}}]},"17":{"line":129,"type":"binary-expr","locations":[{"start":{"line":129,"column":20},"end":{"line":129,"column":55}},{"start":{"line":129,"column":59},"end":{"line":129,"column":94}}]},"18":{"line":137,"type":"if","locations":[{"start":{"line":137,"column":16},"end":{"line":137,"column":16}},{"start":{"line":137,"column":16},"end":{"line":137,"column":16}}]},"19":{"line":137,"type":"binary-expr","locations":[{"start":{"line":137,"column":20},"end":{"line":137,"column":57}},{"start":{"line":137,"column":61},"end":{"line":137,"column":98}}]},"20":{"line":145,"type":"if","locations":[{"start":{"line":145,"column":16},"end":{"line":145,"column":16}},{"start":{"line":145,"column":16},"end":{"line":145,"column":16}}]},"21":{"line":145,"type":"binary-expr","locations":[{"start":{"line":145,"column":20},"end":{"line":145,"column":56}},{"start":{"line":145,"column":60},"end":{"line":145,"column":98}}]},"22":{"line":167,"type":"binary-expr","locations":[{"start":{"line":167,"column":9},"end":{"line":167,"column":14}},{"start":{"line":167,"column":18},"end":{"line":167,"column":39}}]},"23":{"line":326,"type":"if","locations":[{"start":{"line":326,"column":4},"end":{"line":326,"column":4}},{"start":{"line":326,"column":4},"end":{"line":326,"column":4}}]},"24":{"line":327,"type":"cond-expr","locations":[{"start":{"line":327,"column":38},"end":{"line":327,"column":69}},{"start":{"line":327,"column":72},"end":{"line":327,"column":107}}]},"25":{"line":328,"type":"cond-expr","locations":[{"start":{"line":328,"column":40},"end":{"line":328,"column":72}},{"start":{"line":328,"column":76},"end":{"line":328,"column":112}}]}}},"js/bridges.js":{"path":"js/bridges.js","s":{"1":1,"2":1,"3":1,"4":1,"5":1,"6":1,"7":1,"8":1,"9":1,"10":1,"11":1,"12":1,"13":0,"14":0,"15":1,"16":0,"17":0,"18":0,"19":0,"20":0,"21":0,"22":0,"23":0,"24":0,"25":0,"26":0,"27":0,"28":0,"29":0,"30":0,"31":0,"32":0,"33":0,"34":0,"35":0,"36":0,"37":0,"38":0,"39":0,"40":0,"41":0,"42":0,"43":0,"44":0,"45":0,"46":0,"47":0,"48":0,"49":0,"50":0,"51":0,"52":0,"53":0,"54":0,"55":0,"56":0,"57":0,"58":1,"59":0,"60":0,"61":0,"62":0,"63":0,"64":0,"65":0,"66":0,"67":0,"68":0,"69":0,"70":0,"71":0,"72":0,"73":0,"74":0,"75":0,"76":0,"77":0,"78":0,"79":0,"80":0,"81":0,"82":0,"83":0,"84":0,"85":0,"86":0,"87":0,"88":0,"89":0,"90":1,"91":0,"92":0,"93":0,"94":0,"95":0,"96":0,"97":0,"98":0,"99":0,"100":0,"101":0,"102":0,"103":0,"104":0,"105":0,"106":0,"107":0,"108":0,"109":0,"110":0,"111":0,"112":0,"113":0,"114":0,"115":0,"116":0,"117":0,"118":0,"119":0,"120":0,"121":0,"122":0,"123":0,"124":0,"125":0,"126":0,"127":0,"128":0,"129":0,"130":0,"131":0,"132":1,"133":0,"134":0,"135":1,"136":0,"137":0,"138":0,"139":0,"140":0,"141":0,"142":0,"143":0,"144":0,"145":0,"146":0,"147":0,"148":0,"149":0,"150":0,"151":0,"152":0,"153":0,"154":0,"155":0,"156":0,"157":0,"158":0,"159":0,"160":0,"161":0,"162":0,"163":0,"164":0,"165":0,"166":1,"167":0,"168":0,"169":0,"170":0,"171":0,"172":0,"173":0,"174":0,"175":0,"176":0,"177":0,"178":1,"179":0,"180":0,"181":0,"182":1,"183":0,"184":0,"185":0,"186":0,"187":0,"188":0,"189":0,"190":0,"191":1,"192":0,"193":0,"194":0,"195":0,"196":0,"197":0,"198":0,"199":0,"200":0,"201":1,"202":0,"203":0,"204":0,"205":0,"206":1,"207":0,"208":0,"209":0,"210":0,"211":0,"212":0,"213":0,"214":0,"215":0,"216":0,"217":0,"218":0,"219":0,"220":0,"221":1,"222":0,"223":0,"224":0,"225":0,"226":0,"227":0,"228":0,"229":1,"230":0,"231":0,"232":0,"233":1,"234":0,"235":0,"236":0,"237":0,"238":0,"239":0,"240":1,"241":0,"242":0,"243":0,"244":0,"245":0,"246":0,"247":1,"248":0,"249":0,"250":0,"251":0,"252":0,"253":0,"254":0,"255":0,"256":0,"257":1,"258":0,"259":0,"260":0,"261":0,"262":0,"263":0,"264":0,"265":0,"266":0,"267":0,"268":0,"269":0,"270":0,"271":0,"272":0,"273":0,"274":0,"275":0,"276":0,"277":0,"278":0,"279":0,"280":0,"281":0,"282":0,"283":0,"284":0,"285":1,"286":0,"287":0,"288":0,"289":0,"290":0,"291":0,"292":0,"293":0,"294":0,"295":0,"296":0,"297":0,"298":0,"299":0,"300":0,"301":0,"302":0,"303":0,"304":0,"305":0,"306":0,"307":0,"308":0,"309":1,"310":0,"311":0,"312":0,"313":0,"314":0,"315":0,"316":0,"317":0,"318":0,"319":1,"320":0,"321":0,"322":0,"323":0,"324":0,"325":0},"b":{"1":[0,1],"2":[0,0],"3":[0,0],"4":[0,0],"5":[0,0],"6":[0,0],"7":[0,0],"8":[0,0],"9":[0,0],"10":[0,0],"11":[0,0],"12":[0,0],"13":[0,0],"14":[0,0],"15":[0,0],"16":[0,0],"17":[0,0],"18":[0,0],"19":[0,0],"20":[0,0],"21":[0,0],"22":[0,0],"23":[0,0],"24":[0,0],"25":[0,0],"26":[0,0],"27":[0,0],"28":[0,0],"29":[0,0],"30":[0,0],"31":[0,0],"32":[0,0]},"f":{"1":1,"2":0,"3":0,"4":0,"5":0,"6":0,"7":0,"8":0,"9":0,"10":0,"11":0,"12":0,"13":0,"14":0,"15":0,"16":0,"17":0,"18":0,"19":0,"20":0,"21":0,"22":0,"23":0,"24":0,"25":0,"26":0,"27":0},"fnMap":{"1":{"name":"init","line":21,"loc":{"start":{"line":21,"column":0},"end":{"line":21,"column":16}}},"2":{"name":"(anonymous_2)","line":35,"loc":{"start":{"line":35,"column":35},"end":{"line":35,"column":47}}},"3":{"name":"(anonymous_3)","line":40,"loc":{"start":{"line":40,"column":35},"end":{"line":40,"column":46}}},"4":{"name":"(anonymous_4)","line":49,"loc":{"start":{"line":49,"column":37},"end":{"line":49,"column":48}}},"5":{"name":"(anonymous_5)","line":75,"loc":{"start":{"line":75,"column":39},"end":{"line":75,"column":51}}},"6":{"name":"(anonymous_6)","line":86,"loc":{"start":{"line":86,"column":36},"end":{"line":86,"column":48}}},"7":{"name":"updateCanvas","line":99,"loc":{"start":{"line":99,"column":0},"end":{"line":99,"column":34}}},"8":{"name":"updateInputField","line":149,"loc":{"start":{"line":149,"column":0},"end":{"line":149,"column":28}}},"9":{"name":"clearList","line":199,"loc":{"start":{"line":199,"column":0},"end":{"line":199,"column":25}}},"10":{"name":"printCoordinates","line":204,"loc":{"start":{"line":204,"column":0},"end":{"line":204,"column":28}}},"11":{"name":"getPosition","line":238,"loc":{"start":{"line":238,"column":0},"end":{"line":238,"column":28}}},"12":{"name":"getDistance","line":260,"loc":{"start":{"line":260,"column":0},"end":{"line":260,"column":29}}},"13":{"name":"showCircle","line":266,"loc":{"start":{"line":266,"column":0},"end":{"line":266,"column":25}}},"14":{"name":"drawCircle","line":278,"loc":{"start":{"line":278,"column":0},"end":{"line":278,"column":33}}},"15":{"name":"annotate","line":291,"loc":{"start":{"line":291,"column":0},"end":{"line":291,"column":28}}},"16":{"name":"drawLine","line":298,"loc":{"start":{"line":298,"column":0},"end":{"line":298,"column":50}}},"17":{"name":"(anonymous_17)","line":303,"loc":{"start":{"line":303,"column":31},"end":{"line":303,"column":43}}},"18":{"name":"drawRect","line":318,"loc":{"start":{"line":318,"column":0},"end":{"line":318,"column":27}}},"19":{"name":"clearCanvas","line":328,"loc":{"start":{"line":328,"column":0},"end":{"line":328,"column":23}}},"20":{"name":"buildDistanceMatrix","line":335,"loc":{"start":{"line":335,"column":0},"end":{"line":335,"column":31}}},"21":{"name":"computeDistanceRow","line":347,"loc":{"start":{"line":347,"column":0},"end":{"line":347,"column":33}}},"22":{"name":"waitForTextReadComplete","line":361,"loc":{"start":{"line":361,"column":0},"end":{"line":361,"column":41}}},"23":{"name":"(anonymous_23)","line":362,"loc":{"start":{"line":362,"column":20},"end":{"line":362,"column":36}}},"24":{"name":"consumeXml","line":376,"loc":{"start":{"line":376,"column":0},"end":{"line":376,"column":25}}},"25":{"name":"produceXml","line":408,"loc":{"start":{"line":408,"column":0},"end":{"line":408,"column":28}}},"26":{"name":"createXmlTag","line":451,"loc":{"start":{"line":451,"column":0},"end":{"line":451,"column":50}}},"27":{"name":"createClosedXmlTag","line":469,"loc":{"start":{"line":469,"column":0},"end":{"line":469,"column":46}}}},"statementMap":{"1":{"start":{"line":15,"column":0},"end":{"line":15,"column":21}},"2":{"start":{"line":16,"column":0},"end":{"line":16,"column":59}},"3":{"start":{"line":21,"column":0},"end":{"line":97,"column":1}},"4":{"start":{"line":22,"column":1},"end":{"line":22,"column":56}},"5":{"start":{"line":23,"column":1},"end":{"line":23,"column":61}},"6":{"start":{"line":24,"column":1},"end":{"line":24,"column":56}},"7":{"start":{"line":25,"column":1},"end":{"line":25,"column":63}},"8":{"start":{"line":26,"column":1},"end":{"line":26,"column":57}},"9":{"start":{"line":27,"column":1},"end":{"line":27,"column":57}},"10":{"start":{"line":28,"column":1},"end":{"line":28,"column":56}},"11":{"start":{"line":29,"column":1},"end":{"line":29,"column":77}},"12":{"start":{"line":31,"column":1},"end":{"line":46,"column":2}},"13":{"start":{"line":32,"column":2},"end":{"line":32,"column":65}},"14":{"start":{"line":33,"column":2},"end":{"line":33,"column":59}},"15":{"start":{"line":35,"column":2},"end":{"line":39,"column":12}},"16":{"start":{"line":36,"column":3},"end":{"line":36,"column":24}},"17":{"start":{"line":37,"column":7},"end":{"line":37,"column":21}},"18":{"start":{"line":38,"column":3},"end":{"line":38,"column":41}},"19":{"start":{"line":40,"column":2},"end":{"line":45,"column":12}},"20":{"start":{"line":41,"column":3},"end":{"line":41,"column":48}},"21":{"start":{"line":42,"column":3},"end":{"line":42,"column":48}},"22":{"start":{"line":43,"column":7},"end":{"line":43,"column":21}},"23":{"start":{"line":44,"column":3},"end":{"line":44,"column":33}},"24":{"start":{"line":48,"column":1},"end":{"line":48,"column":68}},"25":{"start":{"line":49,"column":1},"end":{"line":74,"column":11}},"26":{"start":{"line":50,"column":2},"end":{"line":50,"column":50}},"27":{"start":{"line":51,"column":2},"end":{"line":51,"column":50}},"28":{"start":{"line":52,"column":2},"end":{"line":52,"column":50}},"29":{"start":{"line":53,"column":2},"end":{"line":53,"column":47}},"30":{"start":{"line":54,"column":2},"end":{"line":71,"column":3}},"31":{"start":{"line":55,"column":3},"end":{"line":55,"column":19}},"32":{"start":{"line":56,"column":3},"end":{"line":61,"column":4}},"33":{"start":{"line":57,"column":4},"end":{"line":57,"column":14}},"34":{"start":{"line":58,"column":4},"end":{"line":58,"column":14}},"35":{"start":{"line":59,"column":4},"end":{"line":59,"column":19}},"36":{"start":{"line":60,"column":4},"end":{"line":60,"column":23}},"37":{"start":{"line":63,"column":3},"end":{"line":63,"column":20}},"38":{"start":{"line":64,"column":3},"end":{"line":70,"column":4}},"39":{"start":{"line":65,"column":4},"end":{"line":65,"column":14}},"40":{"start":{"line":66,"column":4},"end":{"line":66,"column":14}},"41":{"start":{"line":67,"column":4},"end":{"line":67,"column":17}},"42":{"start":{"line":68,"column":4},"end":{"line":68,"column":19}},"43":{"start":{"line":69,"column":4},"end":{"line":69,"column":23}},"44":{"start":{"line":72,"column":2},"end":{"line":72,"column":16}},"45":{"start":{"line":73,"column":2},"end":{"line":73,"column":17}},"46":{"start":{"line":75,"column":1},"end":{"line":85,"column":11}},"47":{"start":{"line":77,"column":2},"end":{"line":84,"column":3}},"48":{"start":{"line":79,"column":4},"end":{"line":79,"column":71}},"49":{"start":{"line":80,"column":4},"end":{"line":80,"column":10}},"50":{"start":{"line":82,"column":4},"end":{"line":82,"column":65}},"51":{"start":{"line":83,"column":4},"end":{"line":83,"column":10}},"52":{"start":{"line":86,"column":1},"end":{"line":96,"column":11}},"53":{"start":{"line":88,"column":2},"end":{"line":95,"column":3}},"54":{"start":{"line":90,"column":4},"end":{"line":90,"column":68}},"55":{"start":{"line":91,"column":4},"end":{"line":91,"column":10}},"56":{"start":{"line":93,"column":4},"end":{"line":93,"column":62}},"57":{"start":{"line":94,"column":4},"end":{"line":94,"column":10}},"58":{"start":{"line":99,"column":0},"end":{"line":147,"column":1}},"59":{"start":{"line":100,"column":1},"end":{"line":100,"column":54}},"60":{"start":{"line":101,"column":1},"end":{"line":101,"column":55}},"61":{"start":{"line":102,"column":1},"end":{"line":102,"column":55}},"62":{"start":{"line":103,"column":4},"end":{"line":103,"column":39}},"63":{"start":{"line":104,"column":1},"end":{"line":108,"column":2}},"64":{"start":{"line":105,"column":2},"end":{"line":105,"column":18}},"65":{"start":{"line":106,"column":2},"end":{"line":106,"column":19}},"66":{"start":{"line":107,"column":2},"end":{"line":107,"column":19}},"67":{"start":{"line":109,"column":1},"end":{"line":132,"column":2}},"68":{"start":{"line":110,"column":2},"end":{"line":128,"column":3}},"69":{"start":{"line":111,"column":3},"end":{"line":111,"column":33}},"70":{"start":{"line":112,"column":3},"end":{"line":112,"column":37}},"71":{"start":{"line":113,"column":3},"end":{"line":113,"column":37}},"72":{"start":{"line":114,"column":3},"end":{"line":114,"column":35}},"73":{"start":{"line":115,"column":3},"end":{"line":115,"column":46}},"74":{"start":{"line":116,"column":3},"end":{"line":116,"column":47}},"75":{"start":{"line":117,"column":3},"end":{"line":121,"column":4}},"76":{"start":{"line":118,"column":4},"end":{"line":118,"column":52}},"77":{"start":{"line":120,"column":4},"end":{"line":120,"column":60}},"78":{"start":{"line":129,"column":2},"end":{"line":131,"column":3}},"79":{"start":{"line":130,"column":3},"end":{"line":130,"column":22}},"80":{"start":{"line":133,"column":1},"end":{"line":138,"column":2}},"81":{"start":{"line":134,"column":2},"end":{"line":137,"column":3}},"82":{"start":{"line":135,"column":3},"end":{"line":135,"column":30}},"83":{"start":{"line":136,"column":3},"end":{"line":136,"column":54}},"84":{"start":{"line":139,"column":1},"end":{"line":146,"column":2}},"85":{"start":{"line":140,"column":2},"end":{"line":145,"column":3}},"86":{"start":{"line":141,"column":3},"end":{"line":141,"column":27}},"87":{"start":{"line":142,"column":3},"end":{"line":142,"column":95}},"88":{"start":{"line":143,"column":3},"end":{"line":143,"column":98}},"89":{"start":{"line":144,"column":3},"end":{"line":144,"column":74}},"90":{"start":{"line":149,"column":0},"end":{"line":197,"column":1}},"91":{"start":{"line":150,"column":1},"end":{"line":150,"column":46}},"92":{"start":{"line":151,"column":1},"end":{"line":151,"column":46}},"93":{"start":{"line":152,"column":1},"end":{"line":152,"column":48}},"94":{"start":{"line":153,"column":1},"end":{"line":153,"column":54}},"95":{"start":{"line":154,"column":1},"end":{"line":154,"column":32}},"96":{"start":{"line":155,"column":1},"end":{"line":155,"column":59}},"97":{"start":{"line":156,"column":1},"end":{"line":196,"column":2}},"98":{"start":{"line":157,"column":2},"end":{"line":157,"column":27}},"99":{"start":{"line":158,"column":2},"end":{"line":158,"column":50}},"100":{"start":{"line":159,"column":2},"end":{"line":159,"column":25}},"101":{"start":{"line":160,"column":2},"end":{"line":160,"column":55}},"102":{"start":{"line":161,"column":2},"end":{"line":161,"column":50}},"103":{"start":{"line":162,"column":2},"end":{"line":162,"column":25}},"104":{"start":{"line":163,"column":2},"end":{"line":163,"column":22}},"105":{"start":{"line":164,"column":2},"end":{"line":164,"column":27}},"106":{"start":{"line":165,"column":2},"end":{"line":165,"column":22}},"107":{"start":{"line":166,"column":2},"end":{"line":166,"column":22}},"108":{"start":{"line":167,"column":2},"end":{"line":167,"column":50}},"109":{"start":{"line":168,"column":2},"end":{"line":169,"column":2}},"110":{"start":{"line":169,"column":2},"end":{"line":169,"column":56}},"111":{"start":{"line":170,"column":2},"end":{"line":170,"column":50}},"112":{"start":{"line":171,"column":2},"end":{"line":171,"column":26}},"113":{"start":{"line":172,"column":2},"end":{"line":172,"column":22}},"114":{"start":{"line":173,"column":2},"end":{"line":173,"column":27}},"115":{"start":{"line":174,"column":2},"end":{"line":174,"column":22}},"116":{"start":{"line":175,"column":2},"end":{"line":175,"column":22}},"117":{"start":{"line":176,"column":2},"end":{"line":176,"column":51}},"118":{"start":{"line":177,"column":2},"end":{"line":177,"column":30}},"119":{"start":{"line":178,"column":2},"end":{"line":178,"column":27}},"120":{"start":{"line":179,"column":2},"end":{"line":179,"column":60}},"121":{"start":{"line":180,"column":2},"end":{"line":180,"column":51}},"122":{"start":{"line":181,"column":2},"end":{"line":181,"column":30}},"123":{"start":{"line":182,"column":2},"end":{"line":182,"column":27}},"124":{"start":{"line":183,"column":2},"end":{"line":183,"column":60}},"125":{"start":{"line":184,"column":2},"end":{"line":184,"column":29}},"126":{"start":{"line":185,"column":2},"end":{"line":185,"column":24}},"127":{"start":{"line":186,"column":2},"end":{"line":186,"column":29}},"128":{"start":{"line":187,"column":2},"end":{"line":187,"column":24}},"129":{"start":{"line":188,"column":2},"end":{"line":188,"column":30}},"130":{"start":{"line":189,"column":2},"end":{"line":189,"column":28}},"131":{"start":{"line":191,"column":2},"end":{"line":191,"column":52}},"132":{"start":{"line":199,"column":0},"end":{"line":202,"column":1}},"133":{"start":{"line":201,"column":1},"end":{"line":201,"column":62}},"134":{"start":{"line":201,"column":27},"end":{"line":201,"column":61}},"135":{"start":{"line":204,"column":0},"end":{"line":236,"column":1}},"136":{"start":{"line":205,"column":1},"end":{"line":205,"column":48}},"137":{"start":{"line":206,"column":1},"end":{"line":206,"column":50}},"138":{"start":{"line":207,"column":1},"end":{"line":207,"column":49}},"139":{"start":{"line":208,"column":1},"end":{"line":208,"column":18}},"140":{"start":{"line":209,"column":1},"end":{"line":209,"column":20}},"141":{"start":{"line":210,"column":1},"end":{"line":210,"column":19}},"142":{"start":{"line":211,"column":1},"end":{"line":217,"column":2}},"143":{"start":{"line":212,"column":2},"end":{"line":212,"column":27}},"144":{"start":{"line":213,"column":2},"end":{"line":213,"column":45}},"145":{"start":{"line":214,"column":2},"end":{"line":214,"column":86}},"146":{"start":{"line":215,"column":2},"end":{"line":215,"column":50}},"147":{"start":{"line":216,"column":2},"end":{"line":216,"column":24}},"148":{"start":{"line":218,"column":1},"end":{"line":228,"column":2}},"149":{"start":{"line":219,"column":2},"end":{"line":219,"column":29}},"150":{"start":{"line":220,"column":2},"end":{"line":220,"column":45}},"151":{"start":{"line":221,"column":2},"end":{"line":221,"column":86}},"152":{"start":{"line":222,"column":2},"end":{"line":222,"column":50}},"153":{"start":{"line":223,"column":2},"end":{"line":223,"column":26}},"154":{"start":{"line":224,"column":2},"end":{"line":224,"column":53}},"155":{"start":{"line":225,"column":2},"end":{"line":225,"column":55}},"156":{"start":{"line":226,"column":2},"end":{"line":226,"column":62}},"157":{"start":{"line":226,"column":22},"end":{"line":226,"column":61}},"158":{"start":{"line":227,"column":2},"end":{"line":227,"column":64}},"159":{"start":{"line":227,"column":23},"end":{"line":227,"column":62}},"160":{"start":{"line":229,"column":1},"end":{"line":235,"column":2}},"161":{"start":{"line":230,"column":2},"end":{"line":230,"column":26}},"162":{"start":{"line":231,"column":2},"end":{"line":231,"column":45}},"163":{"start":{"line":232,"column":2},"end":{"line":232,"column":90}},"164":{"start":{"line":233,"column":2},"end":{"line":233,"column":50}},"165":{"start":{"line":234,"column":2},"end":{"line":234,"column":25}},"166":{"start":{"line":238,"column":0},"end":{"line":258,"column":1}},"167":{"start":{"line":239,"column":1},"end":{"line":239,"column":48}},"168":{"start":{"line":240,"column":1},"end":{"line":240,"column":27}},"169":{"start":{"line":241,"column":1},"end":{"line":241,"column":27}},"170":{"start":{"line":243,"column":1},"end":{"line":251,"column":2}},"171":{"start":{"line":244,"column":2},"end":{"line":244,"column":14}},"172":{"start":{"line":245,"column":2},"end":{"line":245,"column":14}},"173":{"start":{"line":247,"column":2},"end":{"line":248,"column":58}},"174":{"start":{"line":249,"column":2},"end":{"line":250,"column":57}},"175":{"start":{"line":252,"column":1},"end":{"line":252,"column":24}},"176":{"start":{"line":253,"column":1},"end":{"line":253,"column":23}},"177":{"start":{"line":254,"column":1},"end":{"line":258,"column":0}},"178":{"start":{"line":260,"column":0},"end":{"line":264,"column":1}},"179":{"start":{"line":261,"column":2},"end":{"line":261,"column":37}},"180":{"start":{"line":262,"column":2},"end":{"line":262,"column":37}},"181":{"start":{"line":263,"column":2},"end":{"line":263,"column":62}},"182":{"start":{"line":266,"column":0},"end":{"line":276,"column":1}},"183":{"start":{"line":267,"column":1},"end":{"line":267,"column":11}},"184":{"start":{"line":268,"column":2},"end":{"line":268,"column":49}},"185":{"start":{"line":269,"column":2},"end":{"line":269,"column":47}},"186":{"start":{"line":270,"column":2},"end":{"line":270,"column":29}},"187":{"start":{"line":271,"column":2},"end":{"line":271,"column":50}},"188":{"start":{"line":272,"column":2},"end":{"line":272,"column":39}},"189":{"start":{"line":273,"column":2},"end":{"line":273,"column":29}},"190":{"start":{"line":275,"column":2},"end":{"line":275,"column":26}},"191":{"start":{"line":278,"column":0},"end":{"line":289,"column":1}},"192":{"start":{"line":279,"column":1},"end":{"line":279,"column":11}},"193":{"start":{"line":280,"column":2},"end":{"line":280,"column":49}},"194":{"start":{"line":281,"column":2},"end":{"line":281,"column":47}},"195":{"start":{"line":282,"column":2},"end":{"line":282,"column":29}},"196":{"start":{"line":283,"column":2},"end":{"line":283,"column":50}},"197":{"start":{"line":284,"column":2},"end":{"line":284,"column":49}},"198":{"start":{"line":285,"column":2},"end":{"line":285,"column":24}},"199":{"start":{"line":286,"column":2},"end":{"line":286,"column":29}},"200":{"start":{"line":288,"column":2},"end":{"line":288,"column":26}},"201":{"start":{"line":291,"column":0},"end":{"line":296,"column":1}},"202":{"start":{"line":292,"column":1},"end":{"line":292,"column":48}},"203":{"start":{"line":293,"column":1},"end":{"line":293,"column":46}},"204":{"start":{"line":294,"column":1},"end":{"line":294,"column":46}},"205":{"start":{"line":295,"column":1},"end":{"line":295,"column":57}},"206":{"start":{"line":298,"column":0},"end":{"line":316,"column":1}},"207":{"start":{"line":299,"column":2},"end":{"line":299,"column":79}},"208":{"start":{"line":300,"column":2},"end":{"line":300,"column":49}},"209":{"start":{"line":301,"column":2},"end":{"line":301,"column":47}},"210":{"start":{"line":302,"column":1},"end":{"line":304,"column":2}},"211":{"start":{"line":303,"column":2},"end":{"line":304,"column":1}},"212":{"start":{"line":305,"column":2},"end":{"line":305,"column":29}},"213":{"start":{"line":306,"column":1},"end":{"line":308,"column":2}},"214":{"start":{"line":307,"column":2},"end":{"line":307,"column":35}},"215":{"start":{"line":309,"column":2},"end":{"line":309,"column":47}},"216":{"start":{"line":310,"column":2},"end":{"line":310,"column":32}},"217":{"start":{"line":311,"column":2},"end":{"line":311,"column":32}},"218":{"start":{"line":312,"column":2},"end":{"line":312,"column":26}},"219":{"start":{"line":313,"column":1},"end":{"line":315,"column":2}},"220":{"start":{"line":314,"column":2},"end":{"line":314,"column":33}},"221":{"start":{"line":318,"column":0},"end":{"line":326,"column":1}},"222":{"start":{"line":319,"column":1},"end":{"line":319,"column":48}},"223":{"start":{"line":320,"column":1},"end":{"line":320,"column":46}},"224":{"start":{"line":321,"column":1},"end":{"line":321,"column":28}},"225":{"start":{"line":322,"column":1},"end":{"line":322,"column":30}},"226":{"start":{"line":323,"column":1},"end":{"line":323,"column":28}},"227":{"start":{"line":324,"column":1},"end":{"line":324,"column":23}},"228":{"start":{"line":325,"column":1},"end":{"line":325,"column":25}},"229":{"start":{"line":328,"column":0},"end":{"line":333,"column":1}},"230":{"start":{"line":329,"column":1},"end":{"line":329,"column":48}},"231":{"start":{"line":330,"column":1},"end":{"line":330,"column":46}},"232":{"start":{"line":331,"column":1},"end":{"line":331,"column":61}},"233":{"start":{"line":335,"column":0},"end":{"line":345,"column":1}},"234":{"start":{"line":336,"column":1},"end":{"line":344,"column":2}},"235":{"start":{"line":339,"column":2},"end":{"line":339,"column":41}},"236":{"start":{"line":340,"column":2},"end":{"line":340,"column":21}},"237":{"start":{"line":341,"column":2},"end":{"line":341,"column":16}},"238":{"start":{"line":342,"column":2},"end":{"line":342,"column":21}},"239":{"start":{"line":343,"column":2},"end":{"line":343,"column":23}},"240":{"start":{"line":347,"column":0},"end":{"line":359,"column":1}},"241":{"start":{"line":348,"column":1},"end":{"line":348,"column":18}},"242":{"start":{"line":349,"column":1},"end":{"line":352,"column":2}},"243":{"start":{"line":350,"column":2},"end":{"line":350,"column":41}},"244":{"start":{"line":351,"column":2},"end":{"line":351,"column":18}},"245":{"start":{"line":353,"column":1},"end":{"line":353,"column":32}},"246":{"start":{"line":354,"column":1},"end":{"line":359,"column":0}},"247":{"start":{"line":361,"column":0},"end":{"line":374,"column":1}},"248":{"start":{"line":362,"column":1},"end":{"line":374,"column":0}},"249":{"start":{"line":363,"column":2},"end":{"line":363,"column":35}},"250":{"start":{"line":364,"column":2},"end":{"line":364,"column":47}},"251":{"start":{"line":365,"column":2},"end":{"line":365,"column":49}},"252":{"start":{"line":366,"column":2},"end":{"line":366,"column":55}},"253":{"start":{"line":368,"column":2},"end":{"line":368,"column":23}},"254":{"start":{"line":370,"column":2},"end":{"line":370,"column":32}},"255":{"start":{"line":371,"column":2},"end":{"line":371,"column":32}},"256":{"start":{"line":372,"column":2},"end":{"line":372,"column":32}},"257":{"start":{"line":376,"column":0},"end":{"line":406,"column":1}},"258":{"start":{"line":377,"column":4},"end":{"line":377,"column":38}},"259":{"start":{"line":378,"column":4},"end":{"line":378,"column":43}},"260":{"start":{"line":379,"column":4},"end":{"line":403,"column":5}},"261":{"start":{"line":380,"column":5},"end":{"line":380,"column":71}},"262":{"start":{"line":381,"column":5},"end":{"line":381,"column":71}},"263":{"start":{"line":382,"column":5},"end":{"line":382,"column":77}},"264":{"start":{"line":383,"column":5},"end":{"line":383,"column":81}},"265":{"start":{"line":384,"column":5},"end":{"line":384,"column":83}},"266":{"start":{"line":385,"column":2},"end":{"line":402,"column":3}},"267":{"start":{"line":386,"column":6},"end":{"line":386,"column":30}},"268":{"start":{"line":387,"column":6},"end":{"line":387,"column":22}},"269":{"start":{"line":388,"column":6},"end":{"line":388,"column":22}},"270":{"start":{"line":389,"column":12},"end":{"line":389,"column":31}},"271":{"start":{"line":390,"column":9},"end":{"line":402,"column":3}},"272":{"start":{"line":391,"column":6},"end":{"line":391,"column":32}},"273":{"start":{"line":392,"column":6},"end":{"line":392,"column":23}},"274":{"start":{"line":393,"column":6},"end":{"line":393,"column":23}},"275":{"start":{"line":394,"column":6},"end":{"line":394,"column":29}},"276":{"start":{"line":395,"column":12},"end":{"line":395,"column":32}},"277":{"start":{"line":396,"column":9},"end":{"line":402,"column":3}},"278":{"start":{"line":397,"column":12},"end":{"line":397,"column":36}},"279":{"start":{"line":398,"column":6},"end":{"line":398,"column":31}},"280":{"start":{"line":399,"column":6},"end":{"line":399,"column":33}},"281":{"start":{"line":400,"column":12},"end":{"line":400,"column":35}},"282":{"start":{"line":401,"column":6},"end":{"line":401,"column":26}},"283":{"start":{"line":404,"column":4},"end":{"line":404,"column":19}},"284":{"start":{"line":405,"column":4},"end":{"line":405,"column":23}},"285":{"start":{"line":408,"column":0},"end":{"line":449,"column":1}},"286":{"start":{"line":410,"column":4},"end":{"line":410,"column":22}},"287":{"start":{"line":411,"column":4},"end":{"line":419,"column":5}},"288":{"start":{"line":412,"column":8},"end":{"line":416,"column":11}},"289":{"start":{"line":417,"column":8},"end":{"line":417,"column":51}},"290":{"start":{"line":418,"column":8},"end":{"line":418,"column":26}},"291":{"start":{"line":420,"column":4},"end":{"line":428,"column":5}},"292":{"start":{"line":421,"column":8},"end":{"line":425,"column":11}},"293":{"start":{"line":426,"column":8},"end":{"line":426,"column":53}},"294":{"start":{"line":427,"column":8},"end":{"line":427,"column":27}},"295":{"start":{"line":429,"column":4},"end":{"line":437,"column":5}},"296":{"start":{"line":430,"column":8},"end":{"line":434,"column":11}},"297":{"start":{"line":435,"column":8},"end":{"line":435,"column":51}},"298":{"start":{"line":436,"column":8},"end":{"line":436,"column":25}},"299":{"start":{"line":438,"column":4},"end":{"line":438,"column":53}},"300":{"start":{"line":440,"column":4},"end":{"line":440,"column":51}},"301":{"start":{"line":441,"column":4},"end":{"line":441,"column":54}},"302":{"start":{"line":442,"column":4},"end":{"line":442,"column":25}},"303":{"start":{"line":443,"column":4},"end":{"line":443,"column":25}},"304":{"start":{"line":444,"column":4},"end":{"line":444,"column":35}},"305":{"start":{"line":445,"column":4},"end":{"line":445,"column":39}},"306":{"start":{"line":446,"column":4},"end":{"line":446,"column":31}},"307":{"start":{"line":447,"column":4},"end":{"line":447,"column":33}},"308":{"start":{"line":448,"column":4},"end":{"line":448,"column":21}},"309":{"start":{"line":451,"column":0},"end":{"line":467,"column":1}},"310":{"start":{"line":453,"column":4},"end":{"line":453,"column":25}},"311":{"start":{"line":454,"column":4},"end":{"line":458,"column":5}},"312":{"start":{"line":455,"column":8},"end":{"line":457,"column":9}},"313":{"start":{"line":456,"column":12},"end":{"line":456,"column":68}},"314":{"start":{"line":459,"column":4},"end":{"line":459,"column":15}},"315":{"start":{"line":461,"column":4},"end":{"line":463,"column":5}},"316":{"start":{"line":462,"column":8},"end":{"line":462,"column":24}},"317":{"start":{"line":465,"column":4},"end":{"line":465,"column":29}},"318":{"start":{"line":466,"column":4},"end":{"line":466,"column":15}},"319":{"start":{"line":469,"column":0},"end":{"line":479,"column":1}},"320":{"start":{"line":471,"column":4},"end":{"line":471,"column":25}},"321":{"start":{"line":472,"column":4},"end":{"line":476,"column":5}},"322":{"start":{"line":473,"column":8},"end":{"line":475,"column":9}},"323":{"start":{"line":474,"column":12},"end":{"line":474,"column":68}},"324":{"start":{"line":477,"column":4},"end":{"line":477,"column":17}},"325":{"start":{"line":478,"column":4},"end":{"line":478,"column":15}}},"branchMap":{"1":{"line":31,"type":"if","locations":[{"start":{"line":31,"column":1},"end":{"line":31,"column":1}},{"start":{"line":31,"column":1},"end":{"line":31,"column":1}}]},"2":{"line":54,"type":"if","locations":[{"start":{"line":54,"column":2},"end":{"line":54,"column":2}},{"start":{"line":54,"column":2},"end":{"line":54,"column":2}}]},"3":{"line":56,"type":"if","locations":[{"start":{"line":56,"column":3},"end":{"line":56,"column":3}},{"start":{"line":56,"column":3},"end":{"line":56,"column":3}}]},"4":{"line":56,"type":"binary-expr","locations":[{"start":{"line":56,"column":7},"end":{"line":56,"column":26}},{"start":{"line":56,"column":30},"end":{"line":56,"column":48}}]},"5":{"line":64,"type":"if","locations":[{"start":{"line":64,"column":3},"end":{"line":64,"column":3}},{"start":{"line":64,"column":3},"end":{"line":64,"column":3}}]},"6":{"line":77,"type":"switch","locations":[{"start":{"line":78,"column":3},"end":{"line":80,"column":10}},{"start":{"line":81,"column":3},"end":{"line":83,"column":10}}]},"7":{"line":88,"type":"switch","locations":[{"start":{"line":89,"column":3},"end":{"line":91,"column":10}},{"start":{"line":92,"column":3},"end":{"line":94,"column":10}}]},"8":{"line":104,"type":"if","locations":[{"start":{"line":104,"column":1},"end":{"line":104,"column":1}},{"start":{"line":104,"column":1},"end":{"line":104,"column":1}}]},"9":{"line":104,"type":"binary-expr","locations":[{"start":{"line":104,"column":5},"end":{"line":104,"column":12}},{"start":{"line":104,"column":16},"end":{"line":104,"column":23}}]},"10":{"line":109,"type":"if","locations":[{"start":{"line":109,"column":1},"end":{"line":109,"column":1}},{"start":{"line":109,"column":1},"end":{"line":109,"column":1}}]},"11":{"line":117,"type":"if","locations":[{"start":{"line":117,"column":3},"end":{"line":117,"column":3}},{"start":{"line":117,"column":3},"end":{"line":117,"column":3}}]},"12":{"line":129,"type":"if","locations":[{"start":{"line":129,"column":2},"end":{"line":129,"column":2}},{"start":{"line":129,"column":2},"end":{"line":129,"column":2}}]},"13":{"line":133,"type":"if","locations":[{"start":{"line":133,"column":1},"end":{"line":133,"column":1}},{"start":{"line":133,"column":1},"end":{"line":133,"column":1}}]},"14":{"line":139,"type":"if","locations":[{"start":{"line":139,"column":1},"end":{"line":139,"column":1}},{"start":{"line":139,"column":1},"end":{"line":139,"column":1}}]},"15":{"line":142,"type":"cond-expr","locations":[{"start":{"line":142,"column":39},"end":{"line":142,"column":63}},{"start":{"line":142,"column":66},"end":{"line":142,"column":94}}]},"16":{"line":143,"type":"cond-expr","locations":[{"start":{"line":143,"column":40},"end":{"line":143,"column":65}},{"start":{"line":143,"column":68},"end":{"line":143,"column":97}}]},"17":{"line":156,"type":"if","locations":[{"start":{"line":156,"column":1},"end":{"line":156,"column":1}},{"start":{"line":156,"column":1},"end":{"line":156,"column":1}}]},"18":{"line":226,"type":"if","locations":[{"start":{"line":226,"column":2},"end":{"line":226,"column":2}},{"start":{"line":226,"column":2},"end":{"line":226,"column":2}}]},"19":{"line":227,"type":"if","locations":[{"start":{"line":227,"column":2},"end":{"line":227,"column":2}},{"start":{"line":227,"column":2},"end":{"line":227,"column":2}}]},"20":{"line":243,"type":"if","locations":[{"start":{"line":243,"column":1},"end":{"line":243,"column":1}},{"start":{"line":243,"column":1},"end":{"line":243,"column":1}}]},"21":{"line":243,"type":"binary-expr","locations":[{"start":{"line":243,"column":5},"end":{"line":243,"column":25}},{"start":{"line":243,"column":29},"end":{"line":243,"column":49}}]},"22":{"line":284,"type":"binary-expr","locations":[{"start":{"line":284,"column":29},"end":{"line":284,"column":35}},{"start":{"line":284,"column":39},"end":{"line":284,"column":48}}]},"23":{"line":302,"type":"if","locations":[{"start":{"line":302,"column":1},"end":{"line":302,"column":1}},{"start":{"line":302,"column":1},"end":{"line":302,"column":1}}]},"24":{"line":306,"type":"if","locations":[{"start":{"line":306,"column":1},"end":{"line":306,"column":1}},{"start":{"line":306,"column":1},"end":{"line":306,"column":1}}]},"25":{"line":309,"type":"binary-expr","locations":[{"start":{"line":309,"column":29},"end":{"line":309,"column":35}},{"start":{"line":309,"column":39},"end":{"line":309,"column":46}}]},"26":{"line":313,"type":"if","locations":[{"start":{"line":313,"column":1},"end":{"line":313,"column":1}},{"start":{"line":313,"column":1},"end":{"line":313,"column":1}}]},"27":{"line":385,"type":"if","locations":[{"start":{"line":385,"column":2},"end":{"line":385,"column":2}},{"start":{"line":385,"column":2},"end":{"line":385,"column":2}}]},"28":{"line":390,"type":"if","locations":[{"start":{"line":390,"column":9},"end":{"line":390,"column":9}},{"start":{"line":390,"column":9},"end":{"line":390,"column":9}}]},"29":{"line":396,"type":"if","locations":[{"start":{"line":396,"column":9},"end":{"line":396,"column":9}},{"start":{"line":396,"column":9},"end":{"line":396,"column":9}}]},"30":{"line":454,"type":"if","locations":[{"start":{"line":454,"column":4},"end":{"line":454,"column":4}},{"start":{"line":454,"column":4},"end":{"line":454,"column":4}}]},"31":{"line":461,"type":"if","locations":[{"start":{"line":461,"column":4},"end":{"line":461,"column":4}},{"start":{"line":461,"column":4},"end":{"line":461,"column":4}}]},"32":{"line":472,"type":"if","locations":[{"start":{"line":472,"column":4},"end":{"line":472,"column":4}},{"start":{"line":472,"column":4},"end":{"line":472,"column":4}}]}}},"js/les.js":{"path":"js/les.js","s":{"1":1,"2":0,"3":0,"4":0,"5":0,"6":0,"7":0,"8":0,"9":0,"10":0,"11":0,"12":1,"13":0,"14":0,"15":0,"16":0,"17":0,"18":0,"19":0,"20":0,"21":0,"22":0,"23":0,"24":0,"25":0,"26":0,"27":0,"28":0,"29":0,"30":0,"31":1,"32":0,"33":0,"34":0,"35":0,"36":0,"37":0,"38":0,"39":0,"40":0,"41":0,"42":0,"43":0,"44":0,"45":0,"46":1,"47":0,"48":0,"49":0,"50":0,"51":0,"52":0},"b":{"1":[0,0],"2":[0,0],"3":[0,0],"4":[0,0],"5":[0,0]},"f":{"1":0,"2":0,"3":0,"4":0},"fnMap":{"1":{"name":"mainLes","line":1,"loc":{"start":{"line":1,"column":-15},"end":{"line":1,"column":19}}},"2":{"name":"buildLes","line":23,"loc":{"start":{"line":23,"column":0},"end":{"line":23,"column":20}}},"3":{"name":"insertIntoMatrix","line":58,"loc":{"start":{"line":58,"column":0},"end":{"line":58,"column":41}}},"4":{"name":"solveLes","line":78,"loc":{"start":{"line":78,"column":0},"end":{"line":78,"column":24}}}},"statementMap":{"1":{"start":{"line":1,"column":-15},"end":{"line":21,"column":1}},"2":{"start":{"line":3,"column":4},"end":{"line":3,"column":29}},"3":{"start":{"line":4,"column":4},"end":{"line":4,"column":65}},"4":{"start":{"line":5,"column":4},"end":{"line":5,"column":104}},"5":{"start":{"line":6,"column":4},"end":{"line":6,"column":52}},"6":{"start":{"line":14,"column":4},"end":{"line":18,"column":5}},"7":{"start":{"line":15,"column":8},"end":{"line":15,"column":35}},"8":{"start":{"line":16,"column":8},"end":{"line":16,"column":50}},"9":{"start":{"line":17,"column":8},"end":{"line":17,"column":52}},"10":{"start":{"line":19,"column":4},"end":{"line":19,"column":18}},"11":{"start":{"line":20,"column":4},"end":{"line":20,"column":28}},"12":{"start":{"line":23,"column":0},"end":{"line":56,"column":1}},"13":{"start":{"line":26,"column":1},"end":{"line":26,"column":58}},"14":{"start":{"line":27,"column":1},"end":{"line":27,"column":42}},"15":{"start":{"line":28,"column":1},"end":{"line":28,"column":42}},"16":{"start":{"line":29,"column":1},"end":{"line":29,"column":31}},"17":{"start":{"line":30,"column":1},"end":{"line":30,"column":24}},"18":{"start":{"line":32,"column":1},"end":{"line":35,"column":2}},"19":{"start":{"line":33,"column":2},"end":{"line":33,"column":24}},"20":{"start":{"line":34,"column":2},"end":{"line":34,"column":53}},"21":{"start":{"line":37,"column":1},"end":{"line":39,"column":2}},"22":{"start":{"line":38,"column":2},"end":{"line":38,"column":48}},"23":{"start":{"line":41,"column":1},"end":{"line":48,"column":2}},"24":{"start":{"line":42,"column":2},"end":{"line":42,"column":20}},"25":{"start":{"line":43,"column":2},"end":{"line":47,"column":3}},"26":{"start":{"line":44,"column":3},"end":{"line":44,"column":53}},"27":{"start":{"line":46,"column":3},"end":{"line":46,"column":20}},"28":{"start":{"line":49,"column":1},"end":{"line":49,"column":32}},"29":{"start":{"line":50,"column":1},"end":{"line":50,"column":52}},"30":{"start":{"line":51,"column":1},"end":{"line":55,"column":3}},"31":{"start":{"line":58,"column":0},"end":{"line":76,"column":1}},"32":{"start":{"line":60,"column":1},"end":{"line":60,"column":28}},"33":{"start":{"line":61,"column":1},"end":{"line":61,"column":37}},"34":{"start":{"line":62,"column":1},"end":{"line":62,"column":38}},"35":{"start":{"line":63,"column":1},"end":{"line":63,"column":55}},"36":{"start":{"line":64,"column":1},"end":{"line":64,"column":57}},"37":{"start":{"line":65,"column":1},"end":{"line":74,"column":2}},"38":{"start":{"line":66,"column":2},"end":{"line":67,"column":35}},"39":{"start":{"line":68,"column":2},"end":{"line":68,"column":22}},"40":{"start":{"line":69,"column":2},"end":{"line":69,"column":47}},"41":{"start":{"line":70,"column":2},"end":{"line":70,"column":49}},"42":{"start":{"line":71,"column":2},"end":{"line":71,"column":19}},"43":{"start":{"line":72,"column":2},"end":{"line":72,"column":48}},"44":{"start":{"line":73,"column":2},"end":{"line":73,"column":50}},"45":{"start":{"line":75,"column":1},"end":{"line":75,"column":15}},"46":{"start":{"line":78,"column":0},"end":{"line":87,"column":1}},"47":{"start":{"line":81,"column":1},"end":{"line":81,"column":19}},"48":{"start":{"line":82,"column":1},"end":{"line":82,"column":16}},"49":{"start":{"line":83,"column":1},"end":{"line":83,"column":16}},"50":{"start":{"line":84,"column":1},"end":{"line":84,"column":34}},"51":{"start":{"line":85,"column":1},"end":{"line":85,"column":35}},"52":{"start":{"line":86,"column":1},"end":{"line":86,"column":10}}},"branchMap":{"1":{"line":43,"type":"if","locations":[{"start":{"line":43,"column":2},"end":{"line":43,"column":2}},{"start":{"line":43,"column":2},"end":{"line":43,"column":2}}]},"2":{"line":63,"type":"cond-expr","locations":[{"start":{"line":63,"column":25},"end":{"line":63,"column":42}},{"start":{"line":63,"column":45},"end":{"line":63,"column":54}}]},"3":{"line":64,"type":"cond-expr","locations":[{"start":{"line":64,"column":26},"end":{"line":64,"column":44}},{"start":{"line":64,"column":47},"end":{"line":64,"column":56}}]},"4":{"line":65,"type":"if","locations":[{"start":{"line":65,"column":1},"end":{"line":65,"column":1}},{"start":{"line":65,"column":1},"end":{"line":65,"column":1}}]},"5":{"line":65,"type":"binary-expr","locations":[{"start":{"line":65,"column":5},"end":{"line":65,"column":10}},{"start":{"line":65,"column":14},"end":{"line":65,"column":20}}]}}},"js/matrix.js":{"path":"js/matrix.js","s":{"1":1,"2":19,"3":19,"4":19,"5":1,"6":4,"7":4,"8":14,"9":14,"10":0,"11":4,"12":1,"13":0,"14":0,"15":0,"16":0,"17":0,"18":0,"19":1,"20":0,"21":0,"22":0,"23":0,"24":0,"25":0,"26":1,"27":5,"28":1,"29":1,"30":3,"31":3,"32":9,"33":1,"34":4,"35":2,"36":1,"37":1,"38":1,"39":3,"40":3,"41":9,"42":3,"43":1,"44":2,"45":1,"46":1,"47":1,"48":3,"49":3,"50":9,"51":9,"52":27,"53":9,"54":1,"55":1,"56":4,"57":3,"58":1,"59":1,"60":3,"61":3,"62":9,"63":1,"64":1,"65":0,"66":0,"67":0,"68":0,"69":0,"70":0,"71":0,"72":0,"73":1,"74":14,"75":0,"76":14,"77":14,"78":42,"79":42,"80":128,"81":14,"82":1,"83":14,"84":14,"85":42,"86":14,"87":1,"88":0,"89":0,"90":0,"91":0,"92":0,"93":0,"94":1,"95":0,"96":0,"97":0,"98":0,"99":0,"100":0,"101":1,"102":0,"103":0,"104":0,"105":0,"106":0,"107":0,"108":0,"109":0,"110":0,"111":0,"112":0,"113":1,"114":0,"115":0,"116":0,"117":0,"118":0,"119":0,"120":0,"121":0,"122":1,"123":0,"124":0,"125":0,"126":0,"127":0,"128":0,"129":0,"130":0,"131":0,"132":0,"133":1,"134":0,"135":0,"136":0,"137":0,"138":0,"139":0,"140":0,"141":0,"142":0,"143":0,"144":0,"145":0},"b":{"1":[19,0],"2":[14,0],"3":[1,4],"4":[2,2],"5":[1,1],"6":[1,1],"7":[3,1],"8":[4,1],"9":[0,0],"10":[0,0],"11":[0,14],"12":[42,86],"13":[0,0],"14":[0,0],"15":[0,0],"16":[0,0],"17":[0,0]},"f":{"1":19,"2":4,"3":0,"4":0,"5":5,"6":4,"7":0,"8":14,"9":14,"10":0,"11":0,"12":0,"13":0,"14":0,"15":0},"fnMap":{"1":{"name":"Matrix","line":7,"loc":{"start":{"line":7,"column":0},"end":{"line":7,"column":21}}},"2":{"name":"(anonymous_2)","line":14,"loc":{"start":{"line":14,"column":28},"end":{"line":14,"column":39}}},"3":{"name":"(anonymous_3)","line":29,"loc":{"start":{"line":29,"column":24},"end":{"line":29,"column":35}}},"4":{"name":"(anonymous_4)","line":42,"loc":{"start":{"line":42,"column":29},"end":{"line":42,"column":40}}},"5":{"name":"(anonymous_5)","line":54,"loc":{"start":{"line":54,"column":24},"end":{"line":54,"column":40}}},"6":{"name":"(anonymous_6)","line":108,"loc":{"start":{"line":108,"column":23},"end":{"line":108,"column":39}}},"7":{"name":"(anonymous_7)","line":123,"loc":{"start":{"line":123,"column":25},"end":{"line":123,"column":41}}},"8":{"name":"(anonymous_8)","line":138,"loc":{"start":{"line":138,"column":14},"end":{"line":138,"column":31}}},"9":{"name":"(anonymous_9)","line":154,"loc":{"start":{"line":154,"column":14},"end":{"line":154,"column":28}}},"10":{"name":"(anonymous_10)","line":163,"loc":{"start":{"line":163,"column":14},"end":{"line":163,"column":45}}},"11":{"name":"(anonymous_11)","line":175,"loc":{"start":{"line":175,"column":27},"end":{"line":175,"column":57}}},"12":{"name":"(anonymous_12)","line":188,"loc":{"start":{"line":188,"column":22},"end":{"line":188,"column":33}}},"13":{"name":"(anonymous_13)","line":216,"loc":{"start":{"line":216,"column":23},"end":{"line":216,"column":34}}},"14":{"name":"(anonymous_14)","line":228,"loc":{"start":{"line":228,"column":39},"end":{"line":228,"column":56}}},"15":{"name":"(anonymous_15)","line":246,"loc":{"start":{"line":246,"column":40},"end":{"line":246,"column":58}}}},"statementMap":{"1":{"start":{"line":7,"column":0},"end":{"line":12,"column":1}},"2":{"start":{"line":9,"column":4},"end":{"line":10,"column":4}},"3":{"start":{"line":10,"column":4},"end":{"line":10,"column":29}},"4":{"start":{"line":11,"column":4},"end":{"line":11,"column":60}},"5":{"start":{"line":14,"column":0},"end":{"line":29,"column":0}},"6":{"start":{"line":16,"column":4},"end":{"line":17,"column":4}},"7":{"start":{"line":17,"column":4},"end":{"line":25,"column":3}},"8":{"start":{"line":18,"column":4},"end":{"line":24,"column":5}},"9":{"start":{"line":19,"column":5},"end":{"line":19,"column":37}},"10":{"start":{"line":23,"column":5},"end":{"line":23,"column":27}},"11":{"start":{"line":26,"column":4},"end":{"line":26,"column":24}},"12":{"start":{"line":29,"column":0},"end":{"line":42,"column":0}},"13":{"start":{"line":31,"column":2},"end":{"line":31,"column":33}},"14":{"start":{"line":32,"column":2},"end":{"line":37,"column":3}},"15":{"start":{"line":33,"column":3},"end":{"line":33,"column":32}},"16":{"start":{"line":34,"column":3},"end":{"line":36,"column":4}},"17":{"start":{"line":35,"column":4},"end":{"line":35,"column":29}},"18":{"start":{"line":38,"column":2},"end":{"line":38,"column":23}},"19":{"start":{"line":42,"column":0},"end":{"line":54,"column":0}},"20":{"start":{"line":44,"column":4},"end":{"line":44,"column":24}},"21":{"start":{"line":45,"column":4},"end":{"line":50,"column":5}},"22":{"start":{"line":46,"column":8},"end":{"line":46,"column":27}},"23":{"start":{"line":47,"column":8},"end":{"line":49,"column":9}},"24":{"start":{"line":48,"column":12},"end":{"line":48,"column":46}},"25":{"start":{"line":51,"column":4},"end":{"line":51,"column":34}},"26":{"start":{"line":54,"column":0},"end":{"line":108,"column":0}},"27":{"start":{"line":57,"column":1},"end":{"line":105,"column":2}},"28":{"start":{"line":58,"column":2},"end":{"line":58,"column":38}},"29":{"start":{"line":59,"column":2},"end":{"line":64,"column":3}},"30":{"start":{"line":60,"column":3},"end":{"line":60,"column":37}},"31":{"start":{"line":61,"column":3},"end":{"line":63,"column":4}},"32":{"start":{"line":62,"column":4},"end":{"line":62,"column":49}},"33":{"start":{"line":65,"column":2},"end":{"line":65,"column":28}},"34":{"start":{"line":66,"column":8},"end":{"line":105,"column":2}},"35":{"start":{"line":67,"column":2},"end":{"line":69,"column":3}},"36":{"start":{"line":68,"column":3},"end":{"line":68,"column":42}},"37":{"start":{"line":70,"column":2},"end":{"line":70,"column":38}},"38":{"start":{"line":71,"column":2},"end":{"line":77,"column":3}},"39":{"start":{"line":72,"column":4},"end":{"line":72,"column":16}},"40":{"start":{"line":73,"column":4},"end":{"line":75,"column":5}},"41":{"start":{"line":74,"column":6},"end":{"line":74,"column":39}},"42":{"start":{"line":76,"column":4},"end":{"line":76,"column":27}},"43":{"start":{"line":78,"column":2},"end":{"line":78,"column":16}},"44":{"start":{"line":81,"column":2},"end":{"line":83,"column":3}},"45":{"start":{"line":82,"column":3},"end":{"line":82,"column":42}},"46":{"start":{"line":84,"column":2},"end":{"line":84,"column":38}},"47":{"start":{"line":87,"column":2},"end":{"line":103,"column":3}},"48":{"start":{"line":88,"column":3},"end":{"line":88,"column":38}},"49":{"start":{"line":89,"column":3},"end":{"line":102,"column":4}},"50":{"start":{"line":90,"column":4},"end":{"line":90,"column":16}},"51":{"start":{"line":93,"column":4},"end":{"line":99,"column":5}},"52":{"start":{"line":98,"column":5},"end":{"line":98,"column":45}},"53":{"start":{"line":101,"column":3},"end":{"line":101,"column":29}},"54":{"start":{"line":104,"column":2},"end":{"line":104,"column":28}},"55":{"start":{"line":108,"column":0},"end":{"line":123,"column":0}},"56":{"start":{"line":110,"column":1},"end":{"line":112,"column":2}},"57":{"start":{"line":111,"column":2},"end":{"line":111,"column":41}},"58":{"start":{"line":113,"column":1},"end":{"line":113,"column":37}},"59":{"start":{"line":114,"column":1},"end":{"line":119,"column":2}},"60":{"start":{"line":115,"column":2},"end":{"line":115,"column":37}},"61":{"start":{"line":116,"column":2},"end":{"line":118,"column":3}},"62":{"start":{"line":117,"column":2},"end":{"line":117,"column":57}},"63":{"start":{"line":120,"column":1},"end":{"line":120,"column":27}},"64":{"start":{"line":123,"column":0},"end":{"line":138,"column":0}},"65":{"start":{"line":125,"column":1},"end":{"line":127,"column":2}},"66":{"start":{"line":126,"column":2},"end":{"line":126,"column":41}},"67":{"start":{"line":128,"column":1},"end":{"line":128,"column":37}},"68":{"start":{"line":129,"column":1},"end":{"line":134,"column":2}},"69":{"start":{"line":130,"column":2},"end":{"line":130,"column":37}},"70":{"start":{"line":131,"column":2},"end":{"line":133,"column":3}},"71":{"start":{"line":132,"column":2},"end":{"line":132,"column":57}},"72":{"start":{"line":135,"column":1},"end":{"line":135,"column":27}},"73":{"start":{"line":138,"column":0},"end":{"line":154,"column":0}},"74":{"start":{"line":140,"column":2},"end":{"line":142,"column":3}},"75":{"start":{"line":141,"column":3},"end":{"line":141,"column":35}},"76":{"start":{"line":144,"column":2},"end":{"line":144,"column":40}},"77":{"start":{"line":145,"column":4},"end":{"line":150,"column":3}},"78":{"start":{"line":146,"column":8},"end":{"line":146,"column":45}},"79":{"start":{"line":147,"column":8},"end":{"line":149,"column":5}},"80":{"start":{"line":148,"column":5},"end":{"line":148,"column":45}},"81":{"start":{"line":151,"column":2},"end":{"line":151,"column":28}},"82":{"start":{"line":154,"column":0},"end":{"line":163,"column":0}},"83":{"start":{"line":156,"column":1},"end":{"line":156,"column":29}},"84":{"start":{"line":157,"column":1},"end":{"line":159,"column":2}},"85":{"start":{"line":158,"column":2},"end":{"line":158,"column":16}},"86":{"start":{"line":160,"column":1},"end":{"line":160,"column":32}},"87":{"start":{"line":163,"column":0},"end":{"line":175,"column":0}},"88":{"start":{"line":165,"column":1},"end":{"line":165,"column":32}},"89":{"start":{"line":166,"column":1},"end":{"line":171,"column":2}},"90":{"start":{"line":167,"column":2},"end":{"line":167,"column":31}},"91":{"start":{"line":168,"column":2},"end":{"line":170,"column":3}},"92":{"start":{"line":169,"column":3},"end":{"line":169,"column":24}},"93":{"start":{"line":172,"column":1},"end":{"line":172,"column":27}},"94":{"start":{"line":175,"column":0},"end":{"line":188,"column":0}},"95":{"start":{"line":177,"column":1},"end":{"line":177,"column":26}},"96":{"start":{"line":178,"column":1},"end":{"line":184,"column":2}},"97":{"start":{"line":179,"column":2},"end":{"line":183,"column":3}},"98":{"start":{"line":180,"column":3},"end":{"line":182,"column":4}},"99":{"start":{"line":181,"column":4},"end":{"line":181,"column":35}},"100":{"start":{"line":185,"column":1},"end":{"line":185,"column":15}},"101":{"start":{"line":188,"column":0},"end":{"line":216,"column":0}},"102":{"start":{"line":190,"column":1},"end":{"line":190,"column":20}},"103":{"start":{"line":191,"column":1},"end":{"line":191,"column":28}},"104":{"start":{"line":192,"column":1},"end":{"line":192,"column":21}},"105":{"start":{"line":195,"column":1},"end":{"line":209,"column":2}},"106":{"start":{"line":196,"column":2},"end":{"line":208,"column":3}},"107":{"start":{"line":197,"column":3},"end":{"line":200,"column":4}},"108":{"start":{"line":199,"column":4},"end":{"line":199,"column":77}},"109":{"start":{"line":201,"column":3},"end":{"line":201,"column":43}},"110":{"start":{"line":202,"column":3},"end":{"line":205,"column":4}},"111":{"start":{"line":203,"column":4},"end":{"line":203,"column":56}},"112":{"start":{"line":210,"column":1},"end":{"line":214,"column":0}},"113":{"start":{"line":216,"column":0},"end":{"line":228,"column":0}},"114":{"start":{"line":219,"column":1},"end":{"line":219,"column":42}},"115":{"start":{"line":219,"column":7},"end":{"line":219,"column":17}},"116":{"start":{"line":219,"column":31},"end":{"line":219,"column":40}},"117":{"start":{"line":220,"column":1},"end":{"line":220,"column":14}},"118":{"start":{"line":221,"column":1},"end":{"line":221,"column":13}},"119":{"start":{"line":222,"column":1},"end":{"line":224,"column":2}},"120":{"start":{"line":223,"column":2},"end":{"line":223,"column":21}},"121":{"start":{"line":225,"column":1},"end":{"line":225,"column":12}},"122":{"start":{"line":228,"column":0},"end":{"line":246,"column":0}},"123":{"start":{"line":230,"column":1},"end":{"line":232,"column":2}},"124":{"start":{"line":231,"column":2},"end":{"line":231,"column":41}},"125":{"start":{"line":233,"column":1},"end":{"line":233,"column":37}},"126":{"start":{"line":234,"column":1},"end":{"line":234,"column":38}},"127":{"start":{"line":236,"column":1},"end":{"line":242,"column":2}},"128":{"start":{"line":237,"column":3},"end":{"line":237,"column":15}},"129":{"start":{"line":238,"column":3},"end":{"line":240,"column":4}},"130":{"start":{"line":239,"column":5},"end":{"line":239,"column":39}},"131":{"start":{"line":241,"column":3},"end":{"line":241,"column":57}},"132":{"start":{"line":243,"column":1},"end":{"line":243,"column":15}},"133":{"start":{"line":246,"column":0},"end":{"line":269,"column":2}},"134":{"start":{"line":248,"column":1},"end":{"line":250,"column":2}},"135":{"start":{"line":249,"column":2},"end":{"line":249,"column":41}},"136":{"start":{"line":252,"column":1},"end":{"line":252,"column":22}},"137":{"start":{"line":253,"column":1},"end":{"line":253,"column":28}},"138":{"start":{"line":254,"column":1},"end":{"line":254,"column":57}},"139":{"start":{"line":255,"column":1},"end":{"line":255,"column":62}},"140":{"start":{"line":258,"column":1},"end":{"line":267,"column":2}},"141":{"start":{"line":260,"column":2},"end":{"line":260,"column":14}},"142":{"start":{"line":261,"column":2},"end":{"line":263,"column":3}},"143":{"start":{"line":262,"column":3},"end":{"line":262,"column":37}},"144":{"start":{"line":264,"column":2},"end":{"line":264,"column":61}},"145":{"start":{"line":268,"column":1},"end":{"line":268,"column":15}}},"branchMap":{"1":{"line":11,"type":"cond-expr","locations":[{"start":{"line":11,"column":42},"end":{"line":11,"column":55}},{"start":{"line":11,"column":58},"end":{"line":11,"column":59}}]},"2":{"line":18,"type":"if","locations":[{"start":{"line":18,"column":4},"end":{"line":18,"column":4}},{"start":{"line":18,"column":4},"end":{"line":18,"column":4}}]},"3":{"line":57,"type":"if","locations":[{"start":{"line":57,"column":1},"end":{"line":57,"column":1}},{"start":{"line":57,"column":1},"end":{"line":57,"column":1}}]},"4":{"line":66,"type":"if","locations":[{"start":{"line":66,"column":8},"end":{"line":66,"column":8}},{"start":{"line":66,"column":8},"end":{"line":66,"column":8}}]},"5":{"line":67,"type":"if","locations":[{"start":{"line":67,"column":2},"end":{"line":67,"column":2}},{"start":{"line":67,"column":2},"end":{"line":67,"column":2}}]},"6":{"line":81,"type":"if","locations":[{"start":{"line":81,"column":2},"end":{"line":81,"column":2}},{"start":{"line":81,"column":2},"end":{"line":81,"column":2}}]},"7":{"line":110,"type":"if","locations":[{"start":{"line":110,"column":1},"end":{"line":110,"column":1}},{"start":{"line":110,"column":1},"end":{"line":110,"column":1}}]},"8":{"line":110,"type":"binary-expr","locations":[{"start":{"line":110,"column":5},"end":{"line":110,"column":30}},{"start":{"line":110,"column":34},"end":{"line":110,"column":61}}]},"9":{"line":125,"type":"if","locations":[{"start":{"line":125,"column":1},"end":{"line":125,"column":1}},{"start":{"line":125,"column":1},"end":{"line":125,"column":1}}]},"10":{"line":125,"type":"binary-expr","locations":[{"start":{"line":125,"column":5},"end":{"line":125,"column":30}},{"start":{"line":125,"column":34},"end":{"line":125,"column":61}}]},"11":{"line":140,"type":"if","locations":[{"start":{"line":140,"column":2},"end":{"line":140,"column":2}},{"start":{"line":140,"column":2},"end":{"line":140,"column":2}}]},"12":{"line":148,"type":"cond-expr","locations":[{"start":{"line":148,"column":30},"end":{"line":148,"column":39}},{"start":{"line":148,"column":42},"end":{"line":148,"column":43}}]},"13":{"line":180,"type":"if","locations":[{"start":{"line":180,"column":3},"end":{"line":180,"column":3}},{"start":{"line":180,"column":3},"end":{"line":180,"column":3}}]},"14":{"line":197,"type":"if","locations":[{"start":{"line":197,"column":3},"end":{"line":197,"column":3}},{"start":{"line":197,"column":3},"end":{"line":197,"column":3}}]},"15":{"line":230,"type":"if","locations":[{"start":{"line":230,"column":1},"end":{"line":230,"column":1}},{"start":{"line":230,"column":1},"end":{"line":230,"column":1}}]},"16":{"line":230,"type":"binary-expr","locations":[{"start":{"line":230,"column":5},"end":{"line":230,"column":26}},{"start":{"line":230,"column":30},"end":{"line":230,"column":57}}]},"17":{"line":248,"type":"if","locations":[{"start":{"line":248,"column":1},"end":{"line":248,"column":1}},{"start":{"line":248,"column":1},"end":{"line":248,"column":1}}]}}},"js/modernizr-2.6.2-respond-1.1.0.min.js":{"path":"js/modernizr-2.6.2-respond-1.1.0.min.js","s":{"1":1,"2":1,"3":6,"4":1,"5":1,"6":1,"7":27,"8":1,"9":25,"10":1,"11":11,"12":22,"13":22,"14":10,"15":1,"16":1,"17":1,"18":5,"19":5,"20":0,"21":1,"22":1,"23":12,"24":12,"25":1,"26":1,"27":1,"28":10,"29":1,"30":1,"31":13,"32":1,"33":1,"34":3,"35":3,"36":0,"37":0,"38":3,"39":0,"40":0,"41":0,"42":0,"43":0,"44":0,"45":1,"46":1,"47":1,"48":1,"49":1,"50":1,"51":1,"52":41,"53":0,"54":0,"55":0,"56":0,"57":0,"58":0,"59":0,"60":0,"61":0,"62":0,"63":0,"64":0,"65":1,"66":1,"67":1,"68":1,"69":1,"70":1,"71":1,"72":0,"73":1,"74":1,"75":1,"76":1,"77":1,"78":1,"79":1,"80":1,"81":1,"82":1,"83":1,"84":1,"85":1,"86":1,"87":1,"88":1,"89":1,"90":1,"91":1,"92":1,"93":1,"94":1,"95":1,"96":1,"97":1,"98":1,"99":1,"100":1,"101":1,"102":1,"103":1,"104":1,"105":1,"106":1,"107":1,"108":1,"109":1,"110":1,"111":0,"112":1,"113":1,"114":1,"115":1,"116":0,"117":1,"118":1,"119":1,"120":0,"121":1,"122":1,"123":0,"124":1,"125":1,"126":1,"127":1,"128":1,"129":1,"130":1,"131":1,"132":41,"133":1,"134":0,"135":0,"136":0,"137":0,"138":0,"139":0,"140":0,"141":0,"142":1,"143":0,"144":0,"145":1,"146":0,"147":0,"148":1,"149":1,"150":1,"151":1,"152":0,"153":0,"154":0,"155":0,"156":0,"157":0,"158":1,"159":0,"160":0,"161":0,"162":0,"163":0,"164":0,"165":0,"166":0,"167":1,"168":0,"169":0,"170":0,"171":1,"172":1,"173":1,"174":1,"175":1,"176":1,"177":1,"178":1,"179":1,"180":0,"181":0,"182":0,"183":0,"184":1,"185":1,"186":0,"187":0,"188":1,"189":0,"190":1,"191":0,"192":1,"193":1,"194":0,"195":1,"196":0,"197":0,"198":0,"199":1,"200":1,"201":0,"202":0,"203":0,"204":0,"205":0,"206":0,"207":0,"208":0,"209":1,"210":0,"211":1,"212":1,"213":1,"214":1,"215":0,"216":0,"217":1,"218":1,"219":0,"220":0,"221":0,"222":0,"223":0,"224":0,"225":1,"226":0,"227":0,"228":0,"229":1,"230":1,"231":0,"232":0,"233":0,"234":0,"235":0,"236":0,"237":0,"238":0,"239":0,"240":0,"241":0,"242":0,"243":0,"244":0,"245":0,"246":0,"247":0,"248":0,"249":0,"250":0,"251":0,"252":0,"253":0,"254":0,"255":0,"256":0,"257":0,"258":0,"259":0,"260":0,"261":0,"262":0,"263":0,"264":0,"265":0,"266":0,"267":0,"268":0,"269":0,"270":0,"271":0,"272":0,"273":0,"274":1,"275":0,"276":0,"277":0,"278":0,"279":0,"280":0,"281":0,"282":0,"283":0,"284":0,"285":0,"286":1,"287":1,"288":1,"289":1,"290":1,"291":1,"292":0,"293":0,"294":0,"295":0,"296":0,"297":0,"298":0,"299":0,"300":0,"301":0,"302":0,"303":0,"304":0,"305":0,"306":0,"307":0,"308":0,"309":0,"310":0,"311":0,"312":0,"313":0,"314":0,"315":0,"316":0,"317":0,"318":0,"319":0,"320":0,"321":0,"322":0,"323":0,"324":0,"325":0,"326":0,"327":0,"328":0,"329":0,"330":0,"331":0,"332":0,"333":0,"334":0,"335":0,"336":0,"337":0,"338":0,"339":0,"340":0,"341":0,"342":0,"343":0,"344":0,"345":0,"346":0,"347":0,"348":0,"349":0,"350":0,"351":0,"352":0,"353":0,"354":0,"355":0,"356":0,"357":0,"358":0,"359":0,"360":0,"361":0,"362":0,"363":0,"364":0,"365":0,"366":0,"367":0,"368":0,"369":0,"370":0,"371":0,"372":0,"373":0,"374":0,"375":0,"376":0,"377":0,"378":0,"379":0,"380":0,"381":0,"382":0,"383":0,"384":0,"385":0,"386":0,"387":0,"388":1,"389":0,"390":0,"391":0,"392":0,"393":0},"b":{"1":[1,1],"2":[10,12],"3":[22,22],"4":[0,10],"5":[0,5],"6":[0,0],"7":[0,0],"8":[0,0],"9":[11,1],"10":[12,12],"11":[1,1],"12":[1,1],"13":[13,13],"14":[1,12],"15":[13,1],"16":[1,1,1],"17":[12,10],"18":[2,8],"19":[2,2],"20":[3,0],"21":[0,3],"22":[0,0],"23":[3,0],"24":[3,0],"25":[3,0],"26":[0,0],"27":[0,0],"28":[0,0],"29":[1,0],"30":[0,0],"31":[1,0],"32":[0,0],"33":[0,0,0],"34":[0,0],"35":[1,0],"36":[1,1],"37":[0,0],"38":[1,0],"39":[0,0],"40":[0,0],"41":[0,0],"42":[1,1],"43":[1,1],"44":[1,0],"45":[1,0,0],"46":[1,1,0],"47":[1,1],"48":[1,0,0],"49":[1,0],"50":[1,0],"51":[1,1,1],"52":[1,0],"53":[1,0],"54":[1,0],"55":[1,0],"56":[1,1],"57":[0,0],"58":[1,1],"59":[0,1],"60":[0,1],"61":[0,0],"62":[1,1],"63":[1,1],"64":[1,1],"65":[1,1],"66":[41,41],"67":[34,7],"68":[1,1],"69":[0,0],"70":[0,0],"71":[0,0],"72":[0,0],"73":[0,0,0],"74":[0,0],"75":[0,0],"76":[0,0],"77":[1,1],"78":[0,0],"79":[0,0],"80":[0,0],"81":[0,0],"82":[0,0],"83":[0,0],"84":[0,0],"85":[0,0],"86":[0,0],"87":[0,0],"88":[0,0],"89":[0,0],"90":[1,0],"91":[1,1,0,0],"92":[1,0],"93":[1,1],"94":[1,0],"95":[0,0,0],"96":[1,1],"97":[0,0],"98":[1,0],"99":[0,0,0,0],"100":[0,0],"101":[0,0],"102":[0,0],"103":[0,0],"104":[0,0,0],"105":[0,0],"106":[0,0],"107":[0,0],"108":[0,0],"109":[0,0],"110":[0,0],"111":[0,0],"112":[0,0],"113":[0,0],"114":[0,0],"115":[0,0],"116":[0,0],"117":[0,0],"118":[0,0],"119":[1,0],"120":[0,1],"121":[1,0],"122":[1,0],"123":[0,1],"124":[0,1],"125":[0,1],"126":[1,0],"127":[0,0],"128":[0,0],"129":[0,0],"130":[0,0],"131":[0,0],"132":[0,0,0],"133":[0,0],"134":[0,0],"135":[0,0],"136":[0,0,0],"137":[0,0,0],"138":[0,0],"139":[0,0],"140":[0,0],"141":[0,0],"142":[0,0],"143":[0,0],"144":[0,0],"145":[0,0],"146":[0,0,0],"147":[0,0],"148":[0,0],"149":[0,0],"150":[0,0],"151":[0,0],"152":[0,0],"153":[0,0],"154":[0,0],"155":[0,0],"156":[0,0],"157":[0,0],"158":[0,0],"159":[0,0],"160":[0,0],"161":[1,0,0],"162":[0,0],"163":[0,0],"164":[0,0],"165":[0,0,0],"166":[0,0],"167":[0,0],"168":[0,0],"169":[0,0],"170":[0,0],"171":[1,0],"172":[0,0],"173":[1,1],"174":[1,0],"175":[0,0],"176":[0,0],"177":[0,0],"178":[0,0,0],"179":[0,0],"180":[0,0],"181":[0,0],"182":[0,0,0],"183":[0,0],"184":[0,0,0],"185":[0,0],"186":[0,0],"187":[0,0],"188":[0,0],"189":[0,0],"190":[0,0],"191":[0,0,0],"192":[0,0],"193":[0,0],"194":[0,0],"195":[0,0],"196":[0,0],"197":[0,0],"198":[0,0,0,0],"199":[0,0],"200":[0,0,0],"201":[0,0],"202":[0,0],"203":[0,0],"204":[0,0],"205":[0,0],"206":[0,0],"207":[0,0],"208":[0,0,0,0,0,0,0],"209":[0,0],"210":[0,0],"211":[0,0],"212":[0,0],"213":[0,0],"214":[0,0],"215":[0,0,0],"216":[0,0],"217":[0,0],"218":[0,0]},"f":{"1":1,"2":6,"3":1,"4":27,"5":25,"6":11,"7":1,"8":12,"9":1,"10":1,"11":1,"12":3,"13":0,"14":0,"15":1,"16":1,"17":41,"18":0,"19":0,"20":0,"21":0,"22":1,"23":1,"24":1,"25":1,"26":1,"27":0,"28":1,"29":1,"30":1,"31":1,"32":1,"33":1,"34":1,"35":1,"36":1,"37":1,"38":1,"39":1,"40":1,"41":1,"42":1,"43":1,"44":1,"45":1,"46":1,"47":1,"48":1,"49":1,"50":1,"51":1,"52":1,"53":1,"54":1,"55":1,"56":1,"57":1,"58":1,"59":1,"60":1,"61":1,"62":1,"63":1,"64":1,"65":1,"66":1,"67":0,"68":1,"69":0,"70":0,"71":1,"72":0,"73":0,"74":0,"75":0,"76":0,"77":1,"78":1,"79":0,"80":0,"81":0,"82":1,"83":0,"84":0,"85":0,"86":0,"87":0,"88":0,"89":0,"90":0,"91":0,"92":0,"93":0,"94":1,"95":0,"96":0,"97":0,"98":0,"99":0,"100":0,"101":0,"102":0,"103":0,"104":0,"105":0,"106":0,"107":0,"108":0,"109":0,"110":0,"111":0,"112":0,"113":0,"114":0,"115":0,"116":0,"117":0,"118":1,"119":0,"120":0,"121":0,"122":0,"123":0,"124":0,"125":0,"126":0,"127":0,"128":0,"129":0,"130":0,"131":0},"fnMap":{"1":{"name":"(anonymous_1)","line":4,"loc":{"start":{"line":4,"column":18},"end":{"line":4,"column":33}}},"2":{"name":"D","line":4,"loc":{"start":{"line":4,"column":34},"end":{"line":4,"column":47}}},"3":{"name":"E","line":4,"loc":{"start":{"line":4,"column":60},"end":{"line":4,"column":75}}},"4":{"name":"F","line":4,"loc":{"start":{"line":4,"column":108},"end":{"line":4,"column":123}}},"5":{"name":"G","line":4,"loc":{"start":{"line":4,"column":144},"end":{"line":4,"column":159}}},"6":{"name":"H","line":4,"loc":{"start":{"line":4,"column":187},"end":{"line":4,"column":202}}},"7":{"name":"I","line":4,"loc":{"start":{"line":4,"column":283},"end":{"line":4,"column":300}}},"8":{"name":"J","line":4,"loc":{"start":{"line":4,"column":399},"end":{"line":4,"column":416}}},"9":{"name":"K","line":4,"loc":{"start":{"line":4,"column":591},"end":{"line":4,"column":603}}},"10":{"name":"(anonymous_10)","line":4,"loc":{"start":{"line":4,"column":612},"end":{"line":4,"column":623}}},"11":{"name":"(anonymous_11)","line":4,"loc":{"start":{"line":4,"column":860},"end":{"line":4,"column":871}}},"12":{"name":"(anonymous_12)","line":4,"loc":{"start":{"line":4,"column":1768},"end":{"line":4,"column":1785}}},"13":{"name":"(anonymous_13)","line":4,"loc":{"start":{"line":4,"column":2270},"end":{"line":4,"column":2281}}},"14":{"name":"(anonymous_14)","line":4,"loc":{"start":{"line":4,"column":2407},"end":{"line":4,"column":2418}}},"15":{"name":"(anonymous_15)","line":4,"loc":{"start":{"line":4,"column":2513},"end":{"line":4,"column":2523}}},"16":{"name":"d","line":4,"loc":{"start":{"line":4,"column":2524},"end":{"line":4,"column":2539}}},"17":{"name":"(anonymous_17)","line":4,"loc":{"start":{"line":4,"column":2968},"end":{"line":4,"column":2981}}},"18":{"name":"(anonymous_18)","line":4,"loc":{"start":{"line":4,"column":3004},"end":{"line":4,"
[...]
483},"end":{"line":11,"column":484}},{"start":{"line":11,"column":486},"end":{"line":11,"column":491}}]},"179":{"line":11,"type":"if","locations":[{"start":{"line":11,"column":493},"end":{"line":11,"column":493}},{"start":{"line":11,"column":493},"end":{"line":11,"column":493}}]},"180":{"line":11,"type":"binary-expr","locations":[{"start":{"line":11,"column":496},"end":{"line":11,"column":508}},{"start":{"line":11,"column":510},"end":{"line":11,"column":533}}]},"181":{"line":11,"type":"if","locations":[{"start":{"line":11,"column":581},"end":{"line":11,"column":581}},{"start":{"line":11,"column":581},"end":{"line":11,"column":581}}]},"182":{"line":11,"type":"binary-expr","locations":[{"start":{"line":11,"column":585},"end":{"line":11,"column":613}},{"start":{"line":11,"column":615},"end":{"line":11,"column":617}},{"start":{"line":11,"column":620},"end":{"line":11,"column":675}}]},"183":{"line":11,"type":"if","locations":[{"start":{"line":11,"column":723},"end":{"line":11,"column":723}},{"start":{"line":11,"column":723},"end":{"line":11,"column":723}}]},"184":{"line":11,"type":"binary-expr","locations":[{"start":{"line":11,"column":893},"end":{"line":11,"column":894}},{"start":{"line":11,"column":896},"end":{"line":11,"column":904}},{"start":{"line":11,"column":906},"end":{"line":11,"column":907}}]},"185":{"line":11,"type":"binary-expr","locations":[{"start":{"line":11,"column":1038},"end":{"line":11,"column":1040}},{"start":{"line":11,"column":1042},"end":{"line":11,"column":1043}}]},"186":{"line":11,"type":"if","locations":[{"start":{"line":11,"column":1058},"end":{"line":11,"column":1058}},{"start":{"line":11,"column":1058},"end":{"line":11,"column":1058}}]},"187":{"line":11,"type":"if","locations":[{"start":{"line":11,"column":1078},"end":{"line":11,"column":1078}},{"start":{"line":11,"column":1078},"end":{"line":11,"column":1078}}]},"188":{"line":11,"type":"if","locations":[{"start":{"line":11,"column":1106},"end":{"line":11,"column":1106}},{"start":{"line":11,"column":1106},"end":{"line":11,"column":1106}}]},"189":{"line":11,"type":"binary-expr","locations":[{"start":{"line":11,"column":1136},"end":{"line":11,"column":1179}},{"start":{"line":11,"column":1181},"end":{"line":11,"column":1190}}]},"190":{"line":11,"type":"binary-expr","locations":[{"start":{"line":11,"column":1198},"end":{"line":11,"column":1207}},{"start":{"line":11,"column":1209},"end":{"line":11,"column":1221}}]},"191":{"line":11,"type":"binary-expr","locations":[{"start":{"line":11,"column":1284},"end":{"line":11,"column":1333}},{"start":{"line":11,"column":1335},"end":{"line":11,"column":1344}},{"start":{"line":11,"column":1346},"end":{"line":11,"column":1351}}]},"192":{"line":11,"type":"binary-expr","locations":[{"start":{"line":11,"column":1401},"end":{"line":11,"column":1459}},{"start":{"line":11,"column":1461},"end":{"line":11,"column":1498}}]},"193":{"line":11,"type":"binary-expr","locations":[{"start":{"line":11,"column":1484},"end":{"line":11,"column":1493}},{"start":{"line":11,"column":1495},"end":{"line":11,"column":1497}}]},"194":{"line":11,"type":"binary-expr","locations":[{"start":{"line":11,"column":1504},"end":{"line":11,"column":1562}},{"start":{"line":11,"column":1564},"end":{"line":11,"column":1601}}]},"195":{"line":11,"type":"binary-expr","locations":[{"start":{"line":11,"column":1587},"end":{"line":11,"column":1596}},{"start":{"line":11,"column":1598},"end":{"line":11,"column":1600}}]},"196":{"line":11,"type":"if","locations":[{"start":{"line":11,"column":1735},"end":{"line":11,"column":1735}},{"start":{"line":11,"column":1735},"end":{"line":11,"column":1735}}]},"197":{"line":11,"type":"if","locations":[{"start":{"line":11,"column":1860},"end":{"line":11,"column":1860}},{"start":{"line":11,"column":1860},"end":{"line":11,"column":1860}}]},"198":{"line":11,"type":"binary-expr","locations":[{"start":{"line":11,"column":1978},"end":{"line":11,"column":2005}},{"start":{"line":11,"column":2007},"end":{"line":11,"column":2008}},{"start":{"line":11,"column":2010},"end":{"line":11,"column":2019}},{"start":{"line":11,"column":2021},"end":{"line":11,"column":2022}}]},"199":{"line":11,"type":"if","locations":[{"start":{"line":11,"column":2069},"end":{"line":11,"column":2069}},{"start":{"line":11,"column":2069},"end":{"line":11,"column":2069}}]},"200":{"line":11,"type":"binary-expr","locations":[{"start":{"line":11,"column":2072},"end":{"line":11,"column":2073}},{"start":{"line":11,"column":2075},"end":{"line":11,"column":2076}},{"start":{"line":11,"column":2078},"end":{"line":11,"column":2083}}]},"201":{"line":11,"type":"if","locations":[{"start":{"line":11,"column":2209},"end":{"line":11,"column":2209}},{"start":{"line":11,"column":2209},"end":{"line":11,"column":2209}}]},"202":{"line":11,"type":"cond-expr","locations":[{"start":{"line":11,"column":2251},"end":{"line":11,"column":2257}},{"start":{"line":11,"column":2259},"end":{"line":11,"column":2260}}]},"203":{"line":11,"type":"binary-expr","locations":[{"start":{"line":11,"column":2251},"end":{"line":11,"column":2252}},{"start":{"line":11,"column":2254},"end":{"line":11,"column":2257}}]},"204":{"line":11,"type":"if","locations":[{"start":{"line":11,"column":2262},"end":{"line":11,"column":2262}},{"start":{"line":11,"column":2262},"end":{"line":11,"column":2262}}]},"205":{"line":11,"type":"cond-expr","locations":[{"start":{"line":11,"column":2304},"end":{"line":11,"column":2310}},{"start":{"line":11,"column":2312},"end":{"line":11,"column":2313}}]},"206":{"line":11,"type":"binary-expr","locations":[{"start":{"line":11,"column":2304},"end":{"line":11,"column":2305}},{"start":{"line":11,"column":2307},"end":{"line":11,"column":2310}}]},"207":{"line":11,"type":"if","locations":[{"start":{"line":11,"column":2315},"end":{"line":11,"column":2315}},{"start":{"line":11,"column":2315},"end":{"line":11,"column":2315}}]},"208":{"line":11,"type":"binary-expr","locations":[{"start":{"line":11,"column":2318},"end":{"line":11,"column":2329}},{"start":{"line":11,"column":2332},"end":{"line":11,"column":2334}},{"start":{"line":11,"column":2336},"end":{"line":11,"column":2338}},{"start":{"line":11,"column":2342},"end":{"line":11,"column":2343}},{"start":{"line":11,"column":2345},"end":{"line":11,"column":2349}},{"start":{"line":11,"column":2353},"end":{"line":11,"column":2354}},{"start":{"line":11,"column":2356},"end":{"line":11,"column":2360}}]},"209":{"line":11,"type":"if","locations":[{"start":{"line":11,"column":2363},"end":{"line":11,"column":2363}},{"start":{"line":11,"column":2363},"end":{"line":11,"column":2363}}]},"210":{"line":11,"type":"if","locations":[{"start":{"line":11,"column":2438},"end":{"line":11,"column":2438}},{"start":{"line":11,"column":2438},"end":{"line":11,"column":2438}}]},"211":{"line":11,"type":"binary-expr","locations":[{"start":{"line":11,"column":2441},"end":{"line":11,"column":2445}},{"start":{"line":11,"column":2447},"end":{"line":11,"column":2466}}]},"212":{"line":11,"type":"if","locations":[{"start":{"line":11,"column":2614},"end":{"line":11,"column":2614}},{"start":{"line":11,"column":2614},"end":{"line":11,"column":2614}}]},"213":{"line":11,"type":"if","locations":[{"start":{"line":11,"column":2732},"end":{"line":11,"column":2732}},{"start":{"line":11,"column":2732},"end":{"line":11,"column":2732}}]},"214":{"line":11,"type":"if","locations":[{"start":{"line":11,"column":2799},"end":{"line":11,"column":2799}},{"start":{"line":11,"column":2799},"end":{"line":11,"column":2799}}]},"215":{"line":11,"type":"binary-expr","locations":[{"start":{"line":11,"column":2802},"end":{"line":11,"column":2817}},{"start":{"line":11,"column":2819},"end":{"line":11,"column":2832}},{"start":{"line":11,"column":2834},"end":{"line":11,"column":2847}}]},"216":{"line":11,"type":"if","locations":[{"start":{"line":11,"column":2875},"end":{"line":11,"column":2875}},{"start":{"line":11,"column":2875},"end":{"line":11,"column":2875}}]},"217":{"line":11,"type":"if","locations":[{"start":{"line":11,"column":3093},"end":{"line":11,"column":3093}},{"start":{"line":11,"column":3093},"end":{"line":11,"column":3093}}]},"218":{"line":11,"type":"if","locations":[{"start":{"line":11,"column":3158},"end":{"line":11,"column":3158}},{"start":{"line":11,"column":3158},"end":{"line":11,"column":3158}}]}}},"js/monkeypatch.js":{"path":"js/monkeypatch.js","s":{"1":1,"2":1,"3":0,"4":0,"5":0,"6":1,"7":30,"8":0,"9":30,"10":30,"11":30,"12":0,"13":30,"14":30,"15":30,"16":30,"17":1,"18":1,"19":30,"20":1,"21":1,"22":0,"23":1,"24":1,"25":0,"26":1,"27":0,"28":0,"29":1,"30":0,"31":0,"32":0,"33":1,"34":6,"35":1,"36":30,"37":30},"b":{"1":[0,0],"2":[0,30],"3":[30,30],"4":[0,30],"5":[30,30],"6":[30,30],"7":[0,30],"8":[0,30],"9":[1,0],"10":[1,0],"11":[1,0],"12":[6,6]},"f":{"1":0,"2":30,"3":30,"4":0,"5":0,"6":0,"7":0,"8":6,"9":30},"fnMap":{"1":{"name":"(anonymous_1)","line":3,"loc":{"start":{"line":3,"column":11},"end":{"line":3,"column":22}}},"2":{"name":"decimalAdjust","line":14,"loc":{"start":{"line":14,"column":0},"end":{"line":14,"column":41}}},"3":{"name":"(anonymous_3)","line":37,"loc":{"start":{"line":37,"column":16},"end":{"line":37,"column":37}}},"4":{"name":"(anonymous_4)","line":45,"loc":{"start":{"line":45,"column":16},"end":{"line":45,"column":37}}},"5":{"name":"(anonymous_5)","line":53,"loc":{"start":{"line":53,"column":15},"end":{"line":53,"column":36}}},"6":{"name":"parseTextAsXml","line":59,"loc":{"start":{"line":59,"column":0},"end":{"line":59,"column":30}}},"7":{"name":"handleFileSelection","line":66,"loc":{"start":{"line":66,"column":0},"end":{"line":66,"column":31}}},"8":{"name":"isNumber","line":76,"loc":{"start":{"line":76,"column":0},"end":{"line":76,"column":21}}},"9":{"name":"trunc","line":81,"loc":{"start":{"line":81,"column":0},"end":{"line":81,"column":18}}}},"statementMap":{"1":{"start":{"line":2,"column":0},"end":{"line":2,"column":27}},"2":{"start":{"line":3,"column":0},"end":{"line":14,"column":0}},"3":{"start":{"line":5,"column":1},"end":{"line":9,"column":2}},"4":{"start":{"line":6,"column":2},"end":{"line":6,"column":47}},"5":{"start":{"line":8,"column":2},"end":{"line":8,"column":35}},"6":{"start":{"line":14,"column":0},"end":{"line":33,"column":1}},"7":{"start":{"line":17,"column":1},"end":{"line":19,"column":2}},"8":{"start":{"line":18,"column":2},"end":{"line":18,"column":27}},"9":{"start":{"line":20,"column":1},"end":{"line":20,"column":16}},"10":{"start":{"line":21,"column":1},"end":{"line":21,"column":12}},"11":{"start":{"line":24,"column":1},"end":{"line":26,"column":2}},"12":{"start":{"line":25,"column":2},"end":{"line":25,"column":13}},"13":{"start":{"line":28,"column":1},"end":{"line":28,"column":37}},"14":{"start":{"line":29,"column":1},"end":{"line":29,"column":79}},"15":{"start":{"line":31,"column":1},"end":{"line":31,"column":37}},"16":{"start":{"line":32,"column":1},"end":{"line":32,"column":65}},"17":{"start":{"line":36,"column":0},"end":{"line":41,"column":1}},"18":{"start":{"line":37,"column":1},"end":{"line":40,"column":3}},"19":{"start":{"line":39,"column":2},"end":{"line":39,"column":44}},"20":{"start":{"line":44,"column":0},"end":{"line":49,"column":1}},"21":{"start":{"line":45,"column":1},"end":{"line":48,"column":3}},"22":{"start":{"line":47,"column":2},"end":{"line":47,"column":44}},"23":{"start":{"line":52,"column":0},"end":{"line":57,"column":1}},"24":{"start":{"line":53,"column":1},"end":{"line":56,"column":3}},"25":{"start":{"line":55,"column":2},"end":{"line":55,"column":43}},"26":{"start":{"line":59,"column":0},"end":{"line":64,"column":1}},"27":{"start":{"line":61,"column":5},"end":{"line":62,"column":58}},"28":{"start":{"line":63,"column":5},"end":{"line":63,"column":24}},"29":{"start":{"line":66,"column":0},"end":{"line":73,"column":1}},"30":{"start":{"line":68,"column":5},"end":{"line":69,"column":34}},"31":{"start":{"line":71,"column":1},"end":{"line":71,"column":33}},"32":{"start":{"line":72,"column":5},"end":{"line":72,"column":29}},"33":{"start":{"line":76,"column":0},"end":{"line":79,"column":1}},"34":{"start":{"line":78,"column":1},"end":{"line":78,"column":45}},"35":{"start":{"line":81,"column":0},"end":{"line":85,"column":1}},"36":{"start":{"line":83,"column":1},"end":{"line":83,"column":11}},"37":{"start":{"line":84,"column":1},"end":{"line":84,"column":30}}},"branchMap":{"1":{"line":5,"type":"if","locations":[{"start":{"line":5,"column":1},"end":{"line":5,"column":1}},{"start":{"line":5,"column":1},"end":{"line":5,"column":1}}]},"2":{"line":17,"type":"if","locations":[{"start":{"line":17,"column":1},"end":{"line":17,"column":1}},{"start":{"line":17,"column":1},"end":{"line":17,"column":1}}]},"3":{"line":17,"type":"binary-expr","locations":[{"start":{"line":17,"column":5},"end":{"line":17,"column":31}},{"start":{"line":17,"column":35},"end":{"line":17,"column":45}}]},"4":{"line":24,"type":"if","locations":[{"start":{"line":24,"column":1},"end":{"line":24,"column":1}},{"start":{"line":24,"column":1},"end":{"line":24,"column":1}}]},"5":{"line":24,"type":"binary-expr","locations":[{"start":{"line":24,"column":5},"end":{"line":24,"column":17}},{"start":{"line":24,"column":21},"end":{"line":24,"column":64}}]},"6":{"line":24,"type":"binary-expr","locations":[{"start":{"line":24,"column":23},"end":{"line":24,"column":46}},{"start":{"line":24,"column":50},"end":{"line":24,"column":63}}]},"7":{"line":29,"type":"cond-expr","locations":[{"start":{"line":29,"column":52},"end":{"line":29,"column":67}},{"start":{"line":29,"column":71},"end":{"line":29,"column":75}}]},"8":{"line":32,"type":"cond-expr","locations":[{"start":{"line":32,"column":40},"end":{"line":32,"column":55}},{"start":{"line":32,"column":59},"end":{"line":32,"column":62}}]},"9":{"line":36,"type":"if","locations":[{"start":{"line":36,"column":0},"end":{"line":36,"column":0}},{"start":{"line":36,"column":0},"end":{"line":36,"column":0}}]},"10":{"line":44,"type":"if","locations":[{"start":{"line":44,"column":0},"end":{"line":44,"column":0}},{"start":{"line":44,"column":0},"end":{"line":44,"column":0}}]},"11":{"line":52,"type":"if","locations":[{"start":{"line":52,"column":0},"end":{"line":52,"column":0}},{"start":{"line":52,"column":0},"end":{"line":52,"column":0}}]},"12":{"line":78,"type":"binary-expr","locations":[{"start":{"line":78,"column":8},"end":{"line":78,"column":29}},{"start":{"line":78,"column":33},"end":{"line":78,"column":44}}]}}},"js/vector.js":{"path":"js/vector.js","s":{"1":1,"2":3,"3":0,"4":3,"5":2,"6":1,"7":3,"8":1,"9":1,"10":3,"11":1,"12":2,"13":1,"14":1,"15":3,"16":1,"17":1,"18":0,"19":0,"20":0,"21":0,"22":0,"23":1,"24":2,"25":0,"26":2,"27":1,"28":1,"29":1,"30":3,"31":1,"32":1,"33":0,"34":1,"35":0,"36":0,"37":0,"38":0,"39":0,"40":1,"41":0,"42":0,"43":0},"b":{"1":[0,3],"2":[3,1],"3":[2,1],"4":[1,2],"5":[1,1],"6":[0,0],"7":[0,2],"8":[1,1],"9":[0,0]},"f":{"1":3,"2":3,"3":0,"4":2,"5":0,"6":0,"7":0},"fnMap":{"1":{"name":"(anonymous_1)","line":1,"loc":{"start":{"line":1,"column":23},"end":{"line":1,"column":39}}},"2":{"name":"(anonymous_2)","line":16,"loc":{"start":{"line":16,"column":23},"end":{"line":16,"column":39}}},"3":{"name":"(anonymous_3)","line":31,"loc":{"start":{"line":31,"column":24},"end":{"line":31,"column":40}}},"4":{"name":"(anonymous_4)","line":42,"loc":{"start":{"line":42,"column":32},"end":{"line":42,"column":48}}},"5":{"name":"(anonymous_5)","line":59,"loc":{"start":{"line":59,"column":23},"end":{"line":59,"column":34}}},"6":{"name":"(anonymous_6)","line":64,"loc":{"start":{"line":64,"column":28},"end":{"line":64,"column":39}}},"7":{"name":"(anonymous_7)","line":74,"loc":{"start":{"line":74,"column":25},"end":{"line":74,"column":41}}}},"statementMap":{"1":{"start":{"line":1,"column":0},"end":{"line":16,"column":0}},"2":{"start":{"line":3,"column":1},"end":{"line":5,"column":2}},"3":{"start":{"line":4,"column":2},"end":{"line":4,"column":37}},"4":{"start":{"line":6,"column":1},"end":{"line":8,"column":2}},"5":{"start":{"line":7,"column":2},"end":{"line":7,"column":35}},"6":{"start":{"line":10,"column":1},"end":{"line":12,"column":2}},"7":{"start":{"line":11,"column":2},"end":{"line":11,"column":19}},"8":{"start":{"line":13,"column":1},"end":{"line":13,"column":13}},"9":{"start":{"line":16,"column":0},"end":{"line":31,"column":0}},"10":{"start":{"line":18,"column":1},"end":{"line":20,"column":2}},"11":{"start":{"line":19,"column":2},"end":{"line":19,"column":37}},"12":{"start":{"line":21,"column":1},"end":{"line":23,"column":2}},"13":{"start":{"line":22,"column":2},"end":{"line":22,"column":37}},"14":{"start":{"line":25,"column":1},"end":{"line":27,"column":2}},"15":{"start":{"line":26,"column":2},"end":{"line":26,"column":22}},"16":{"start":{"line":28,"column":1},"end":{"line":28,"column":13}},"17":{"start":{"line":31,"column":0},"end":{"line":42,"column":0}},"18":{"start":{"line":33,"column":1},"end":{"line":35,"column":2}},"19":{"start":{"line":34,"column":2},"end":{"line":34,"column":37}},"20":{"start":{"line":36,"column":1},"end":{"line":38,"column":2}},"21":{"start":{"line":37,"column":2},"end":{"line":37,"column":22}},"22":{"start":{"line":39,"column":1},"end":{"line":39,"column":13}},"23":{"start":{"line":42,"column":0},"end":{"line":59,"column":0}},"24":{"start":{"line":44,"column":2},"end":{"line":46,"column":2}},"25":{"start":{"line":45,"column":2},"end":{"line":45,"column":35}},"26":{"start":{"line":48,"column":1},"end":{"line":50,"column":2}},"27":{"start":{"line":49,"column":2},"end":{"line":49,"column":41}},"28":{"start":{"line":52,"column":1},"end":{"line":52,"column":16}},"29":{"start":{"line":53,"column":1},"end":{"line":55,"column":2}},"30":{"start":{"line":54,"column":2},"end":{"line":54,"column":31}},"31":{"start":{"line":56,"column":1},"end":{"line":56,"column":15}},"32":{"start":{"line":59,"column":0},"end":{"line":64,"column":0}},"33":{"start":{"line":61,"column":1},"end":{"line":61,"column":48}},"34":{"start":{"line":64,"column":0},"end":{"line":74,"column":0}},"35":{"start":{"line":66,"column":1},"end":{"line":66,"column":37}},"36":{"start":{"line":67,"column":1},"end":{"line":67,"column":26}},"37":{"start":{"line":68,"column":1},"end":{"line":70,"column":2}},"38":{"start":{"line":69,"column":2},"end":{"line":69,"column":24}},"39":{"start":{"line":71,"column":1},"end":{"line":71,"column":15}},"40":{"start":{"line":74,"column":0},"end":{"line":84,"column":0}},"41":{"start":{"line":76,"column":1},"end":{"line":78,"column":2}},"42":{"start":{"line":77,"column":2},"end":{"line":77,"column":35}},"43":{"start":{"line":80,"column":1},"end":{"line":80,"column":65}}},"branchMap":{"1":{"line":3,"type":"if","locations":[{"start":{"line":3,"column":1},"end":{"line":3,"column":1}},{"start":{"line":3,"column":1},"end":{"line":3,"column":1}}]},"2":{"line":3,"type":"binary-expr","locations":[{"start":{"line":3,"column":5},"end":{"line":3,"column":26}},{"start":{"line":3,"column":30},"end":{"line":3,"column":46}}]},"3":{"line":6,"type":"if","locations":[{"start":{"line":6,"column":1},"end":{"line":6,"column":1}},{"start":{"line":6,"column":1},"end":{"line":6,"column":1}}]},"4":{"line":18,"type":"if","locations":[{"start":{"line":18,"column":1},"end":{"line":18,"column":1}},{"start":{"line":18,"column":1},"end":{"line":18,"column":1}}]},"5":{"line":21,"type":"if","locations":[{"start":{"line":21,"column":1},"end":{"line":21,"column":1}},{"start":{"line":21,"column":1},"end":{"line":21,"column":1}}]},"6":{"line":33,"type":"if","locations":[{"start":{"line":33,"column":1},"end":{"line":33,"column":1}},{"start":{"line":33,"column":1},"end":{"line":33,"column":1}}]},"7":{"line":44,"type":"if","locations":[{"start":{"line":44,"column":2},"end":{"line":44,"column":2}},{"start":{"line":44,"column":2},"end":{"line":44,"column":2}}]},"8":{"line":48,"type":"if","locations":[{"start":{"line":48,"column":1},"end":{"line":48,"column":1}},{"start":{"line":48,"column":1},"end":{"line":48,"column":1}}]},"9":{"line":76,"type":"if","locations":[{"start":{"line":76,"column":1},"end":{"line":76,"column":1}},{"start":{"line":76,"column":1},"end":{"line":76,"column":1}}]}}}}